Unity Player [version: Unity 5.4.3f1_01f4c123905a]

networkTest.exe caused an Access Violation (0xc0000005)
  in module networkTest.exe at 0023:012fd1d6.

Error occurred at 2016-11-19_180936.
C:\Users\Constantin\Documents\Network_Lauzhack\ProjectSettings\networkTest.exe, run by Constantin.
61% memory in use.
3985 MB physical memory [1534 MB free].
0 MB paging file [2798 MB free].
0 MB user address space [3773 MB free].
Read from location 000005d4 caused an access violation.

Context:
EDI:    0x00000000  ESI: 0x03e0eef0  EAX:   0x0018e7c0
EBX:    0x0010b035  ECX: 0x00000000  EDX:   0x00000002
EIP:    0x012fd1d6  EBP: 0x0018e7ac  SegCs: 0x00000023
EFlags: 0x00210287  ESP: 0x0018e7a8  SegSs: 0x0000002b

Bytes at CS:EIP:
83 bf d4 05 00 00 00 75 07 32 c0 5f 5d c2 04 00 

Stack:
0x0018e7a8: 01b1c1b5 0018e7dc 012e4a89 0018e7c0 .........J......
0x0018e7b8: 00000003 03e0eef0 666e6f63 00006769 ........config..
0x0018e7c8: 7543acc7 01eb9530 00000006 0000000f ..Cu0...........
0x0018e7d8: 0018e840 0018e7e4 012e3ce7 0018e7fc @........<......
0x0018e7e8: 012e3e06 00000002 012e61b0 00000000 .>.......a......
0x0018e7f8: 01c93670 0018e818 012e620f 00000003 p6.......b......
0x0018e808: 485926a9 485926a9 0010b035 00000000 .&YH.&YH5.......
0x0018e818: 0018e84c 012e2c75 03e0eef0 00000003 L...u,..........
0x0018e828: 485926a9 485926a9 0010b035 00000000 .&YH.&YH5.......
0x0018e838: 00000003 03e0ee98 00000000 01c93670 ............p6..
0x0018e848: 00000000 0018e8b4 012e3964 00000003 ........d9......
0x0018e858: 485926a9 485926a9 0010b035 00000000 .&YH.&YH5.......
0x0018e868: 01c93974 00000000 01c93974 00000000 t9......t9......
0x0018e878: 003ced78 0018e894 00000006 037bdfa0 x.<...........{.
0x0018e888: 0018e898 01911007 00000006 0381db30 ............0...
0x0018e898: 0018e8bc 0115a3c3 03d10f88 0018e8b8 ................
0x0018e8a8: 00000000 7d907a27 00000000 0018e8c0 ....'z.}........
0x0018e8b8: 012e3987 00000003 0018e8dc 00dd7691 .9...........v..
0x0018e8c8: 03e0ee98 00000000 00000000 00000006 ................
0x0018e8d8: 00000000 0018e8fc 00f0a43f 00000000 ........?.......
0x0018e8e8: 037b3070 00000000 fffffffe 0018e944 p0{.........D...
0x0018e8f8: 00fa2bb4 0018e944 00fa2945 00000000 .+..D...E)......
0x0018e908: 00000001 00fa2600 00000006 00000000 .....&..........
0x0018e918: 77989484 0f34d6dd 00000001 00000000 ...w..4.........
0x0018e928: 779893d0 01ee87b0 00000000 0000001c ...w............
0x0018e938: 00000001 00000e8c 00000000 0018e970 ............p...
0x0018e948: 75438e71 004402ea 00000006 00000001 q.Cu..D.........
0x0018e958: 00000000 00000006 dcbaabcd 00000000 ................
0x0018e968: 00fa2600 00000006 0018ea04 754390d1 .&............Cu
0x0018e978: 00fa2600 004402ea 00000006 00000001 .&....D.........
0x0018e988: 00000000 0f34d5cd 00000000 00000000 ......4.........
0x0018e998: 00000006 00000024 00000001 00000000 ....$...........
0x0018e9a8: 00000000 00000030 ffffffff ffffffff ....0...........
0x0018e9b8: 75438fce 00000000 00000000 00fa2600 ..Cu.........&..
0x0018e9c8: 00000000 0f34d621 007609f8 00000000 ....!.4...v.....
0x0018e9d8: 00000000 00000001 00000000 004402ea ..............D.
0x0018e9e8: 0f34d5cd 7543932c 0018e1d0 0018ea54 ..4.,.Cu....T...
0x0018e9f8: 7546f160 7a6faf91 00000000 0018ea64 `.Fu..oz....d...
0x0018ea08: 7543932c 00fa2600 00000000 00000006 ,.Cu.&..........
0x0018ea18: 00000001 00000000 ff4da000 00000001 ..........M.....
0x0018ea28: 0f34d5ad 00007fff 7796a9b0 001802b8 ..4........w....
0x0018ea38: 0018ea9c 7546f160 00000000 004402ea ....`.Fu......D.
0x0018ea48: 00000000 0018ea28 0018e1d0 0018eab4 ....(...........
0x0018ea58: 7546f160 7a6fac01 fffffffe 0018eaa4 `.Fu..oz........
0x0018ea68: 75439529 01eb9530 00000000 00000006 ).Cu0...........
0x0018ea78: 00000001 00000000 00fa2600 0018ebb4 .........&......
0x0018ea88: 00000001 00000000 00000000 0018eaa4 ................
0x0018ea98: 00000000 00000000 0f34d56d 0018eb08 ........m.4.....
0x0018eaa8: 77980596 0018eabc 00000000 0018eb80 ...w............
0x0018eab8: 779804e0 01eb9530 00000000 00000006 ...w0...........
0x0018eac8: 00000001 00000000 00fa2600 7796a9b0 .........&.....w
0x0018ead8: 00000000 7543a923 0018ebb4 001802b8 ....#.Cu........
0x0018eae8: 00000400 00007fff 00000003 0018ee68 ............h...
0x0018eaf8: ff4da800 0018ee68 0018ebb4 0018ebb4 ..M.h...........
0x0018eb08: 0018eb3c 7543a989 00000400 00007fff <.....Cu........
0x0018eb18: 00000003 00000000 0018ee68 0018ebb4 ........h.......
0x0018eb28: 0018ee68 00000000 00000048 0000003c h.......H...<...
0x0018eb38: ff4da800 0018eb90 756503c3 0018ebb4 ..M.......eu....
0x0018eb48: 001802b8 00000400 00007fff 00000003 ................
0x0018eb58: 0f0b7085 0018ee68 00000000 00000040 .p..h.......@...
0x0018eb68: 00000000 00000000 0018ee68 00000000 ........h.......
0x0018eb78: 0018eb58 0018ebf0 0018ec50 7568c150 X.......P...P.hu
0x0018eb88: 7a7698cd 00000000 0018ebd0 75650436 ..vz........6.eu
0x0018eb98: 0018ebb4 001802b8 00000400 00007fff ................
0x0018eba8: 00000003 0018ee68 0018ee68 ff4d4000 ....h...h....@M.
0x0018ebb8: 0000002c 00000000 00490ed4 00000001 ,.........I.....
0x0018ebc8: 00000000 003f4570 0018ebfc 75650630 ....pE?.....0.eu
0x0018ebd8: 0018ee68 00000001 7543dae1 00005cff h.........Cu.\..
0x0018ebe8: 00000032 0018ebfc 7543daa5 7543daaf 2.........Cu..Cu
0x0018ebf8: 0f34d435 0018ec60 75650506 00400040 5.4.`.....eu@.@.
0x0018ec08: 0f0b7775 009f5147 0018ee68 00000001 uw..GQ..h.......
0x0018ec18: ff4d4000 00000000 00000000 0b65dc6c .@M.........l.e.
0x0018ec28: 00000102 0018ec1c 00000000 00000000 ................
0x0018ec38: 0018ee68 00000000 00400040 0f0b7775 h.......@.@.uw..
0x0018ec48: 0018ec08 0018ec84 0018f3b8 7568c150 ............P.hu
0x0018ec58: 7a769ecd fffffffe 0018ec84 756505fb ..vz..........eu
0x0018ec68: 00000000 09e66130 0018ee68 ffffffff ....0a..h.......
0x0018ec78: 009f5147 0f0b7761 00001000 0018ecf0 GQ..aw..........
0x0018ec88: 7574b50c 0018ecb0 00000001 0018ecac ..tu............
0x0018ec98: 0b65dc6c 003d7178 09e66130 0f0b77bd l.e.xq=.0a...w..
0x0018eca8: 00000000 ffffffff 0000069c 00000000 ................
0x0018ecb8: 00490f94 0018ed00 759733e1 09e96c90 ..I......3.u.l..
0x0018ecc8: 0b5ad564 00000014 09e66420 09e03850 d.Z..... d..P8..
0x0018ecd8: 75973427 09e96c78 0b65dc6c 7561d4e0 '4.uxl..l.e...au
0x0018ece8: 003d7178 0f0b77e5 0018ee3c 7574a259 xq=..w..<...Y.tu
0x0018ecf8: 0018efb4 0b65dc6c 09e66130 00000000 ....l.e.0a......
0x0018ed08: 09e03850 09e66420 0018ed64 75973557 P8.. d..d...W5.u
0x0018ed18: 00000001 09e03854 0b5adb80 00000000 ....T8....Z.....
0x0018ed28: 00000000 00000000 ffffffff 75634766 ............fGcu
0x0018ed38: 0f0b76bd 00000000 0018ede8 00000000 .v..............
0x0018ed48: 09e66130 00000000 009f5147 003d7278 0a......GQ..xr=.
0x0018ed58: 003d7178 09e661c0 0b65dc6c ffffffff xq=..a..l.e.....
0x0018ed68: 759732b0 0018efb4 0018ed8c 0018ef7c .2.u........|...
0x0018ed78: 00000000 003d727c 759730c3 09e037b4 ....|r=..0.u.7..
0x0018ed88: 0fe13654 0018edac 75973038 0000000a T6......80.u....
0x0018ed98: 09e03690 00008000 09e03690 0b5ad550 .6.......6..P.Z.
0x0018eda8: 0018efb4 0018ee14 75973235 00008000 ........52.u....
0x0018edb8: 09e03690 759717fe 00008000 00000000 .6.....u........
0x0018edc8: 0018edd4 00449210 7795fd9d 0018edf0 ......D....w....
0x0018edd8: 75971b40 003f4570 09e03690 09e66194 @..upE?..6...a..
0x0018ede8: 09e03690 09e03690 0018ee10 75972a94 .6...6.......*.u
0x0018edf8: 00001000 00000000 09e03690 75972afa .........6...*.u
0x0018ee08: 00000000 0fe135c8 0018ee38 423ec01e .....5..8.....>B
0x0018ee18: 11d22e35 100004b6 fd3e704b 09e66194 5.......Kp>..a..
0x0018ee28: 75972561 003dd358 75972a60 0fe135e0 a%.uX.=.`*.u.5..
0x0018ee38: 0f0b7529 0018eefc 7564fe0d 0b65dc6c )u........dul.e.
0x0018ee48: 0018efb4 0018ef7c 7564fbf0 003d7178 ....|.....duxq=.
0x0018ee58: 09e66130 0b65dc6c 7574a070 0018ef7c 0a..l.e.p.tu|...
0x0018ee68: 7564fb08 00000000 80010115 0b49bb80 ..du..........I.
0x0018ee78: 00000000 00000000 00000000 00000000 ................
0x0018ee88: 00000000 00000000 00000000 724f3dc0 .............=Or
0x0018ee98: 00000000 00000000 00005dff a49c5e20 .........].. ^..
0x0018eea8: 4365b7f7 25a6f992 d6e9734b 00000000 ..eC...%Ks......
0x0018eeb8: 00000000 0018ef54 009f5147 00000000 ....T...GQ......
0x0018eec8: 00000000 00000000 00000000 004a88a0 ..............J.
0x0018eed8: 00000000 00000000 00000000 00000000 ................
0x0018eee8: 00000000 00000001 00000000 0f0b7549 ............Iu..
0x0018eef8: 00000000 0018ef60 7562c65d 0b65dc6c ....`...].bul.e.
0x0018ef08: 0018efb4 0018ef7c 7562c550 0018efe0 ....|...P.bu....
0x0018ef18: 0b5adc14 00000000 00000000 00000010 ..Z.............
0x0018ef28: 0018f1f8 00000000 0018f1f0 0018ef94 ................
0x0018ef38: 750c1ec1 0018f234 0018efe0 724f3bcc ...u4........;Or
0x0018ef48: 0018ef68 75969764 0b49bbb0 0b5a78b4 h...d..u..I..xZ.
0x0018ef58: 00000010 0f0b7409 0018ef84 7574a010 .....t........tu
0x0018ef68: 0b65dc6c 0018efb4 0018ef7c 00000000 l.e.....|.......
0x0018ef78: 75749fb0 00000000 0f0b7491 0018ef9c ..tu.....t......
0x0018ef88: 75975769 0b5adc14 0018efe0 75975740 iW.u..Z.....@W.u
0x0018ef98: 0fe13444 0018f3c8 759f6c1b 0fe12810 D4.......l.u.(..
0x0018efa8: 756313e0 0018f400 0b5a796c 09e66130 ..cu....lyZ.0a..
0x0018efb8: 00000010 0b49bbb0 00000018 00008003 ......I.........
0x0018efc8: 00000000 09e96c78 00000000 00000000 ....xl..........
0x0018efd8: 00000000 00000000 0018efb4 0b49bbc8 ..............I.
0x0018efe8: 00000000 00000000 0b49bbb0 00000054 ..........I.T...
0x0018eff8: 00000000 00000000 00000001 00000000 ................
0x0018f008: 00000000 00000000 00000000 00000000 ................
0x0018f018: 00000002 00000000 00000000 00000000 ................
0x0018f028: 724f8850 724f8860 0018f400 00000000 P.Or`.Or........
0x0018f038: 00000000 00000000 724f39b0 00000000 .........9Or....
0x0018f048: 00000000 00000000 00000140 00000000 ........@.......
0x0018f058: 00000000 00000000 00000000 0b65dc6c ............l.e.
0x0018f068: 00000000 00000000 00000000 00000000 ................
0x0018f078: 00000000 00000003 0018df40 00000000 ........@.......
0x0018f088: 0018f1a0 0018f400 00000000 00000000 ................
0x0018f098: 00000000 00000000 00000000 0018f0f8 ................
0x0018f0a8: 00000000 00000000 00000000 00000000 ................
0x0018f0b8: 00000000 00000000 00000000 00000000 ................
0x0018f0c8: 00000000 00000000 00000000 0018f201 ................
0x0018f0d8: 0b5adc14 750c1917 00000000 003dd394 ..Z....u......=.
0x0018f0e8: 750c1a31 00000003 00000000 00000000 1..u............
0x0018f0f8: 8a885d04 0000006c 724f4cea 724f4ce0 .]..l....LOr.LOr
0x0018f108: 00000007 724f4cf8 0018f400 00000233 .....LOr....3...
0x0018f118: 00000000 724f4cea 724f3a22 00000022 .....LOr":Or"...
0x0018f128: 00000000 00000000 00000000 00000001 ................
0x0018f138: 00000020 00000000 00000000 00000000  ...............
0x0018f148: 00000000 759716e0 00000000 00000000 .......u........
0x0018f158: 00000000 00000000 759757b0 75975740 .........W.u@W.u
0x0018f168: 00000000 00000000 00000000 00000000 ................
0x0018f178: 00000000 00000000 00000000 00000000 ................
0x0018f188: 00000000 0018f330 0018f190 0018f190 ....0...........
0x0018f198: 00000068 00000000 0018f1a0 0018f1a0 h...............
0x0018f1a8: 00000017 00000000 00000000 00000000 ................
0x0018f1b8: 00000000 00000000 00000000 00000000 ................
0x0018f1c8: 00000000 00000000 00000000 00000000 ................
0x0018f1d8: 00000000 00000000 00000000 00000000 ................
0x0018f1e8: 00000000 00000000 00000000 00000000 ................
0x0018f1f8: 00000000 00000000 00000000 00000000 ................
0x0018f208: 00000000 00000000 00000000 00000000 ................
0x0018f218: 00000000 00000000 00000000 00000000 ................
0x0018f228: 00000000 00000000 00000000 00000000 ................
0x0018f238: 00000000 00000000 00000000 00000000 ................
0x0018f248: 00000000 00000000 00000000 00000000 ................
0x0018f258: 00000000 00000000 00000000 00000000 ................
0x0018f268: 00000000 00000000 00000000 00000000 ................
0x0018f278: 00000000 00000000 00000000 00000000 ................
0x0018f288: 00000000 00000000 00000000 00000000 ................
0x0018f298: 00000000 00000000 00000000 00000000 ................
0x0018f2a8: 00000000 00000000 00000000 00000000 ................
0x0018f2b8: 00000000 00000000 00000000 00000000 ................
0x0018f2c8: 00000000 00000000 00000000 00000000 ................
0x0018f2d8: 00000000 00000000 00000000 00000000 ................
0x0018f2e8: 00000000 00000000 00000000 00000000 ................
0x0018f2f8: 00000000 00000000 00000000 00000000 ................
0x0018f308: 00000000 00000000 00000000 0f69c691 ..............i.
0x0018f318: 00000000 0018f33c 750c1b11 00000080 ....<......u....
0x0018f328: 00000010 0b501f58 00000010 0b501f48 ....X.P.....H.P.
0x0018f338: 00000000 0018f398 750c1549 0b501fc0 ........I..u..P.
0x0018f348: 00000010 0018f44c 750c1559 00000010 ....L...Y..u....
0x0018f358: 0018f44c 0b501fb0 0000000d 00000000 L.....P.........
0x0018f368: 00490001 0018f3b8 0b501fc0 00000000 ..I.......P.....
0x0018f378: 00000000 00000000 00000000 00000000 ................
0x0018f388: 00000000 00000000 00000000 0f69c6d9 ..............i.
0x0018f398: 0018f3c8 750c17be 00000010 00000001 .......u........
0x0018f3a8: 756313e0 0fe12810 0018efa4 7244a768 ..cu.(......h.Dr
0x0018f3b8: 0018f464 7597fb50 7a6efda0 00000001 d...P..u..nz....
0x0018f3c8: 0018f3e8 75749e1e 724f39b0 724f4ce0 ......tu.9Or.LOr
0x0018f3d8: 0018f400 0018f4f8 0b5a7910 00000020 .........yZ. ...
0x0018f3e8: 0018f3f8 7562c46f 0018f400 00000003 ....o.bu........
0x0018f3f8: 0018f470 7244a5c6 0b5adc14 0b5a78b4 p.....Dr..Z..xZ.
0x0018f408: ffffffff 00000001 0018f4f8 0018f438 ............8...
0x0018f418: 0018f430 129141d3 03296b08 01a8db34 0....A...k).4...
0x0018f428: 00000000 01cdacd0 00000000 0b5adc14 ..............Z.
0x0018f438: 00000000 0018f4f4 0b5a7888 0b5a78c8 .........xZ..xZ.
0x0018f448: 00df5c00 a131a739 49682e0e 02de0899 .\..9.1...hI....
0x0018f458: 506d5e7f 129141df 00df6f54 0018fb18 .^mP.A..To......
0x0018f468: 72477999 ffffffff 0018f4e8 00e05e9f .yGr.........^..
0x0018f478: 0b5a7910 ffffffff 00000001 0018f4f4 .yZ.............
0x0018f488: 0018f4f8 00000010 00000010 00000000 ................
0x0018f498: 0018f4cc 00cefd1a 032d3310 00000042 .........3-.B...
0x0018f4a8: 00000023 0018f520 0000000f 032c5a20 #... ....... Z,.
0x0018f4b8: 0018f520 0018f4a8 0018f520 00000023  ....... ...#...
0x0018f4c8: 0018f4e8 00cff3f4 00000000 00000000 ................
0x0018f4d8: 00000000 00000010 09e96c18 0b5a7910 .........l...yZ.
0x0018f4e8: 0018f540 00e06137 0018f504 00000000 @...7a..........
0x0018f4f8: 00000000 03e0eef0 00000000 304e3845 ............E8N0
0x0018f508: 38304a43 34353435 00393533 0000000f CJ085454359.....
0x0018f518: 0000000f 032c5a20 032c5a20 03e0eef0 .... Z,. Z,.....
0x0018f528: 0018f538 00df7042 00000023 0000002f 8...Bp..#.../...
0x0018f538: 0018f634 09e96c18 0018f634 012e4975 4....l..4...uI..
0x0018f548: 00000010 03e0eef0 00000000 0018f56c ............l...
0x0018f558: 00df5845 032c66b0 00000010 00000010 EX...f,.........
0x0018f568: 01cda000 0018f5a4 342e3575 3166332e ........u5.4.3f1
0x0018f578: 00000000 0000002f 00000008 0000000f ..../...........
0x0018f588: 0018f5a0 032c5a20 00df7982 00000030 .... Z,..y..0...
0x0018f598: 00000010 00000020 0000002f 0018f5c4 .... .../.......
0x0018f5a8: 646e6957 5073776f 6579616c 00000072 WindowsPlayer...
0x0018f5b8: 0000000d 0000000f 0000004b 032c5a20 ........K... Z,.
0x0018f5c8: 00cef6e9 00000030 00000010 00000020 ....0....... ...
0x0018f5d8: 0000002f 01a77da8 0000004b 0018f618 /....}..K.......
0x0018f5e8: 00cefca6 00000030 00000000 00000024 ....0.......$...
0x0018f5f8: 03e0ef00 342e3500 3166332e 03e0ef00 .....5.4.3f1....
0x0018f608: 0018f5f4 00000000 0000000f 0018f634 ............4...
0x0018f618: 032c5900 032c66b0 032c5ab0 00000024 .Y,..f,..Z,.$...
0x0018f628: 00000000 0000000f 00000000 0018f63c ............<...
0x0018f638: 012e3cda 0018f64c 012e44f7 00000001 .<..L....D......
0x0018f648: 03e0eef0 0018f6c0 012e60cb 0018f664 .........`..d...
0x0018f658: 00000001 03e0eef0 0010b035 032c5ab0 ........5....Z,.
0x0018f668: 03e0ee98 00000000 01c69548 00000024 ........H...$...
0x0018f678: 0000002f 00f9f700 00000000 00000000 /...............
0x0018f688: 00000005 00000000 00000000 0000000f ................
0x0018f698: 7d901f72 00000100 00000000 0018f719 r..}............
0x0018f6a8: 00000010 00000000 0000000f 01c69624 ............$...
0x0018f6b8: 03e0eef0 0018f6d0 0018f6d0 012e6195 .............a..
0x0018f6c8: 00000000 01c93670 0018f6ec 012e620f ....p6.......b..
0x0018f6d8: 00000001 485926a9 485926a9 0010b035 .....&YH.&YH5...
0x0018f6e8: 00000000 0018f720 012e2c75 03e0eef0 .... ...u,......
0x0018f6f8: 00000001 485926a9 485926a9 0010b035 .....&YH.&YH5...
0x0018f708: 00000000 01b1c06d 03e0ee98 00000000 ....m...........
0x0018f718: 01c93670 00000000 0018f788 012e3964 p6..........d9..
0x0018f728: 00000001 485926a9 485926a9 0010b035 .....&YH.&YH5...
0x0018f738: 00000000 00000002 00000003 01c90350 ............P...
0x0018f748: 032c6600 032d32f0 032aa3b0 0018f7c4 .f,..2-...*.....
0x0018f758: 00000000 0000000f 00000002 032c66b0 .............f,.
0x0018f768: 0018f758 0018fb18 00000000 00000024 X...........$...
0x0018f778: 0000002f 0018f798 7d90792b 00000000 /.......+y.}....
0x0018f788: 0018f794 012e3aba 00000001 0018f7bc .....:..........
0x0018f798: 00f2fe60 03e0ee98 ffffffbc 037e7260 `...........`r~.
0x0018f7a8: 00000002 037e7260 032a7a01 037e71d0 ....`r~..z*..q~.
0x0018f7b8: 01c9032c 0018f824 00f30b8f ffffffbc ,...$...........
0x0018f7c8: 037e7260 00000002 032a7ab0 037e71d0 `r~......z*..q~.
0x0018f7d8: 032a7a01 032d3190 032d3190 00000000 .z*..1-..1-.....
0x0018f7e8: 037e7224 0018f800 032d31b0 00000000 $r~......1-.....
0x0018f7f8: 032d3190 00000000 0018f810 00df6fb0 .1-..........o..
0x0018f808: 032d3190 00000008 0018f848 00cf8d80 .1-.....H.......
0x0018f818: 032d3190 037e71d0 037e71d0 0018f848 .1-..q~..q~.H...
0x0018f828: 00f30d4f 032a7ab0 037e71d0 00f2fa5a O....z*..q~.Z...
0x0018f838: 00000010 032a7ab0 00000001 032a7ab0 .....z*......z*.
0x0018f848: 0018f868 00f2faea 00000002 7fffffff h...............
0x0018f858: 00000010 037e71d0 00000000 00000001 .....q~.........
0x0018f868: 0018f878 00dd85f1 0000000f 037ec980 x.............~.
0x0018f878: 0018f90c 00f0ba4c 0018f8a4 0018f8c0 ....L...........
0x0018f888: 0018f8dc 0018f8f8 00000000 00000002 ................
0x0018f898: 75465da0 75449c00 00000004 032d3230 .]Fu..Du....02-.
0x0018f8a8: 0018f8e0 00d618f4 0018f8e0 00000011 ................
0x0018f8b8: 0000001f 01c97bcc 6576656c 0000306c .....{..level0..
0x0018f8c8: 00000000 00000000 00000006 0000000f ................
0x0018f8d8: 00000000 032d3210 0018f8fc 00d2e606 .....2-.........
0x0018f8e8: 032d3230 00000014 0000001f 00000000 02-.............
0x0018f8f8: 00000000 00000000 00000000 00000000 ................
0x0018f908: 75449c00 0018f948 00f0baf2 00000000 ..DuH...........
0x0018f918: 00fa2322 00fa2469 00000000 00000001 "#..i$..........
0x0018f928: 004402ea 000000ff 00000001 019f01c1 ..D.............
0x0018f938: 009f4f91 000004e9 000000ae 00000630 .O..........0...
0x0018f948: 0018fa80 00fa4bde 013b631b 00000000 .....K...c;.....
0x0018f958: ff4d4000 032a3af0 01c0003f 000001ff .@M..:*.?.......
0x0018f968: 00000000 00000058 0000005f 00000fff ....X..._.......
0x0018f978: 032a3a90 7fffffff 00381b78 01bad3e0 .:*.....x.8.....
0x0018f988: 0000005d 0000005f 013d4cc5 00381b78 ]..._....L=.x.8.
0x0018f998: 01bad3e0 00000010 00000010 7fffffff ................
0x0018f9a8: 00000000 01c69548 00381698 00000010 ....H.....8.....
0x0018f9b8: 0018f900 0018f9ec 013d1985 00381b78 ..........=.x.8.
0x0018f9c8: 01bad3e0 032a3d90 0018f9dc 7fffffff .....=*.........
0x0018f9d8: 00000000 0000005e 0000005f 003805a8 ....^..._.....8.
0x0018f9e8: 03293d50 0018fa1c 013c2e6e 00381b78 P=).....n.<.x.8.
0x0018f9f8: 0000004f 0000004f 0018f93c 616e614d O...O...<...Mana
0x0018fa08: 00646567 6c65746e 00000000 00000007 ged.ntel........
0x0018fa18: 0000000f 0018fa28 0328ba90 0328bac8 ....(.....(...(.
0x0018fa28: 0328bac8 0000000d 004cc040 65646900 ..(.....@.L..ide
0x0018fa38: 646e6957 6c00776f 0018006c 00000000 Window.ll.......
0x0018fa48: 0000000f 00000000 00000000 65726100 .............are
0x0018fa58: 5748746e 0100444e 003c305f 00000000 ntHWND.._0<.....
0x0018fa68: 0000000f 00000000 004cc040 004cc080 ........@.L...L.
0x0018fa78: 00000000 00100801 0018fa98 01386608 .............f8.
0x0018fa88: 00ce0000 00000000 003c3061 00000001 ........a0<.....
0x0018fa98: 0018fb28 013b62c8 00ce0000 00000000 (....b;.........
0x0018faa8: 003c3061 00000001 04763e8c 013b631b a0<......>v..c;.
0x0018fab8: 013b631b ff4d4000 00000044 003c19f8 .c;..@M.D.....<.
0x0018fac8: 003c19d8 003c193a 00000000 00000000 ..<.:.<.........
0x0018fad8: 00000000 00000000 00000000 00000000 ................
0x0018fae8: 00000000 00000001 00000001 00000000 ................
0x0018faf8: 0018fb24 0018fb24 013c7906 0018fb14 $...$....y<.....
0x0018fb08: 013b631b 00000000 0018fab0 ad473b3d .c;.........=;G.
0x0018fb18: 0018fb74 013b7c40 05af1544 00000000 t...@|;.D.......
0x0018fb28: 0018fb3c 75827c04 ff4d4000 75827be0 <....|.u.@M..{.u
0x0018fb38: 0fef08f5 0018fb84 7799ab8f ff4d4000 ...........w.@M.
0x0018fb48: 0dda3496 00000000 00000000 ff4d4000 .4...........@M.
0x0018fb58: fffff801 00000000 00000000 6bdc8230 ............0..k
0x0018fb68: 0dda3496 0018fb48 ffffe000 0018fb8c .4..H...........
0x0018fb78: 779d7380 7a5b64b2 00000000 0018fb94 .s.w.d[z........
0x0018fb88: 7799ab5a ffffffff 7797ffd1 00000000 Z..w.......w....
0x0018fb98: 00000000 013b631b ff4d4000 00000000 .....c;..@M.....
0x0018fba8: 00000000 00000000 00000000 00000000 ................
0x0018fbb8: 00000000 00000000 00000000 00000000 ................
0x0018fbc8: 00000000 00000000 00000000 00000000 ................
0x0018fbd8: 00000000 00000000 00000000 00000000 ................
0x0018fbe8: 00000000 00000000 00000000 00000000 ................
0x0018fbf8: 00000000 00000000 00000000 00000000 ................
0x0018fc08: 00000000 00000000 00000000 00000000 ................
0x0018fc18: 00000000 00000000 00000000 00000000 ................
0x0018fc28: 00000000 00000000 00000000 00000000 ................
0x0018fc38: 00000000 00000000 00000000 00000000 ................
0x0018fc48: 00000000 00000000 00000000 00000000 ................
0x0018fc58: 00000000 00000000 00000000 00000000 ................
0x0018fc68: 00000000 00000000 00000000 00000000 ................
0x0018fc78: 00000000 00000000 00000000 00000000 ................
0x0018fc88: 00000000 00000000 00000000 00000000 ................
0x0018fc98: 00000000 00000000 00000000 00000000 ................
0x0018fca8: 00000000 00000000 00000000 00000000 ................
0x0018fcb8: 00000000 00000000 00000000 00000000 ................
0x0018fcc8: 00000000 00000000 00000000 00000000 ................
0x0018fcd8: 00000000 00000000 00000000 00000000 ................
0x0018fce8: 00000000 00000000 00000000 00000000 ................
0x0018fcf8: 00000000 00000000 00000000 00000000 ................
0x0018fd08: 00000000 00000000 00000000 00000000 ................
0x0018fd18: 00000000 00000000 00000000 00000000 ................
0x0018fd28: 00000000 00000000 00000000 00000000 ................
0x0018fd38: 00000000 00000000 00000000 00000000 ................
0x0018fd48: 00000000 00000000 00000000 00000000 ................
0x0018fd58: 00000000 00000000 00000000 00000000 ................
0x0018fd68: 00000000 00000000 00000000 00000000 ................
0x0018fd78: 00000000 00000000 00000000 00000000 ................
0x0018fd88: 00000000 00000000 00000000 00000000 ................
0x0018fd98: 00000000 00000000 00000000 00000000 ................
0x0018fda8: 00000000 00000000 00000000 00000000 ................
0x0018fdb8: 00000000 00000000 00000000 00000000 ................
0x0018fdc8: 00000000 00000000 00000000 00000000 ................
0x0018fdd8: 00000000 00000000 00000000 00000000 ................
0x0018fde8: 00000000 00000000 00000000 00000000 ................
0x0018fdf8: 00000000 00000000 00000000 00000000 ................
0x0018fe08: 00000000 00000000 00000000 00000000 ................
0x0018fe18: 00000000 00000000 00000000 00000000 ................
0x0018fe28: 00000000 00000000 00000000 00000000 ................
0x0018fe38: 00000000 00000000 00000000 00000000 ................
0x0018fe48: 00000000 00000000 00000000 00000000 ................
0x0018fe58: 00000000 00000000 00000000 00000000 ................
0x0018fe68: 00000000 00000000 00000000 00000000 ................
0x0018fe78: 00000000 00000000 00000000 00000000 ................
0x0018fe88: 00000000 00000000 00000000 00000000 ................
0x0018fe98: 00000000 00000000 00000000 00000000 ................
0x0018fea8: 00000000 00000000 00000000 00000000 ................
0x0018feb8: 00000000 00000000 00000000 00000000 ................
0x0018fec8: 00000000 00000000 00000000 00000000 ................
0x0018fed8: 00000000 00000000 00000000 00000000 ................
0x0018fee8: 00000000 00000000 00000000 00000000 ................
0x0018fef8: 00000000 00000000 00000000 00000000 ................
0x0018ff08: 00000000 00000000 00000000 00000000 ................
0x0018ff18: 00000000 00000000 00000000 00000000 ................
0x0018ff28: 00000000 00000000 00000000 00000000 ................
0x0018ff38: 00000000 00000000 00000000 00000000 ................
0x0018ff48: 00000000 00000000 00000000 00000000 ................
0x0018ff58: 00000000 00000000 00000000 00000000 ................
0x0018ff68: 00000000 00000000 00000000 00000000 ................
0x0018ff78: 00000000 00000000 00000000 00000000 ................
0x0018ff88: 00000000 00000000 00000000 00000000 ................
0x0018ff98: 00000000 00000000 00000000 00000000 ................
0x0018ffa8: 00000000 00000000 00000000 00000000 ................
0x0018ffb8: 00000000 00000000 00000000 00000000 ................
0x0018ffc8: 00000000 00000000 00000000 00000000 ................
0x0018ffd8: 00000000 00000000 00000000 00000000 ................
0x0018ffe8: 00000000 00000000 00000000 00000000 ................
0x0018fff8: 00000000 00000000                   ........

Module 1
C:\Users\Constantin\Documents\Network_Lauzhack\ProjectSettings\networkTest.exe
Image Base: 0x00ce0000  Image Size: 0x01193000
File Size:  17577472    File Time:  2016-11-09_134848
Version:
   Company:    
   Product:    
   FileDesc:   
   FileVer:    5.4.3.62657
   ProdVer:    5.4.3.62657

Module 2
C:\Windows\SYSTEM32\xinput1_3.dll
Image Base: 0x00400000  Image Size: 0x00016000
File Size:  81768       File Time:  2007-04-04_165342
Version:
   Company:    Microsoft Corporation
   Product:    Microsoft® DirectX for Windows®
   FileDesc:   Microsoft Common Controller API
   FileVer:    9.18.944.0
   ProdVer:    9.18.944.0

Module 3
C:\Users\Constantin\Documents\Network_Lauzhack\ProjectSettings\networkTest_Data\Mono\mono.dll
Image Base: 0x10000000  Image Size: 0x00231000
File Size:  2114520     File Time:  2016-11-09_135640
Version:
   Company:    Unity Technologies
   Product:    libmono
   FileDesc:   Unity Technologies fork of mono runtime
   FileVer:    1.0.0.1
   ProdVer:    1.0.0.1

Module 4
C:\Windows\SYSTEM32\midimap.dll
Image Base: 0x68b20000  Image Size: 0x00008000
File Size:  18944       File Time:  2014-11-21_101718
Version:
   Company:    Microsoft Corporation
   Product:    Microsoft® Windows® Operating System
   FileDesc:   Microsoft MIDI Mapper
   FileVer:    6.3.9600.17415
   ProdVer:    6.3.9600.17415

Module 5
C:\Windows\SYSTEM32\MSACM32.dll
Image Base: 0x68b30000  Image Size: 0x00017000
File Size:  89816       File Time:  2014-11-21_101718
Version:
   Company:    Microsoft Corporation
   Product:    Microsoft® Windows® Operating System
   FileDesc:   Microsoft ACM Audio Filter
   FileVer:    6.3.9600.17415
   ProdVer:    6.3.9600.17415

Module 6
C:\Windows\SYSTEM32\msacm32.drv
Image Base: 0x68b50000  Image Size: 0x00009000
File Size:  23040       File Time:  2014-11-21_101718
Version:
   Company:    Microsoft Corporation
   Product:    Microsoft® Windows® Operating System
   FileDesc:   Microsoft Sound Mapper
   FileVer:    6.3.9600.17415
   ProdVer:    6.3.9600.17415

Module 7
C:\Windows\SYSTEM32\powrprof.dll
Image Base: 0x68b60000  Image Size: 0x00040000
File Size:  255136      File Time:  2014-11-21_101820
Version:
   Company:    Microsoft Corporation
   Product:    Microsoft® Windows® Operating System
   FileDesc:   Power Profile Helper DLL
   FileVer:    6.3.9600.17415
   ProdVer:    6.3.9600.17415

Module 8
C:\Windows\SYSTEM32\AUDIOSES.DLL
Image Base: 0x68ba0000  Image Size: 0x00060000
File Size:  370424      File Time:  2014-11-21_101718
Version:
   Company:    Microsoft Corporation
   Product:    Microsoft® Windows® Operating System
   FileDesc:   Audio Session
   FileVer:    6.3.9600.17415
   ProdVer:    6.3.9600.17415

Module 9
C:\Windows\SYSTEM32\AVRT.dll
Image Base: 0x68c00000  Image Size: 0x0000a000
File Size:  31496       File Time:  2014-11-21_101900
Version:
   Company:    Microsoft Corporation
   Product:    Microsoft® Windows® Operating System
   FileDesc:   Multimedia Realtime Runtime
   FileVer:    6.3.9600.17415
   ProdVer:    6.3.9600.17415

Module 10
C:\Windows\SYSTEM32\ksuser.dll
Image Base: 0x68c10000  Image Size: 0x00007000
File Size:  19096       File Time:  2014-11-21_101718
Version:
   Company:    Microsoft Corporation
   Product:    Microsoft® Windows® Operating System
   FileDesc:   User CSA Library
   FileVer:    6.3.9600.17415
   ProdVer:    6.3.9600.17415

Module 11
C:\Windows\SYSTEM32\wdmaud.drv
Image Base: 0x68c20000  Image Size: 0x00036000
File Size:  197120      File Time:  2014-11-21_101718
Version:
   Company:    Microsoft Corporation
   Product:    Microsoft® Windows® Operating System
   FileDesc:   Winmm  audio system driver
   FileVer:    6.3.9600.17415
   ProdVer:    6.3.9600.17415

Module 12
C:\Windows\System32\MMDevApi.dll
Image Base: 0x68c60000  Image Size: 0x00053000
File Size:  331048      File Time:  2014-11-21_101718
Version:
   Company:    Microsoft Corporation
   Product:    Microsoft® Windows® Operating System
   FileDesc:   MMDevice API
   FileVer:    6.3.9600.17415
   ProdVer:    6.3.9600.17415

Module 13
C:\Windows\SYSTEM32\DDRAW.dll
Image Base: 0x68cc0000  Image Size: 0x000ec000
File Size:  544256      File Time:  2014-11-21_101704
Version:
   Company:    Microsoft Corporation
   Product:    Microsoft® Windows® Operating System
   FileDesc:   Microsoft DirectDraw
   FileVer:    6.3.9600.17415
   ProdVer:    6.3.9600.17415

Module 14
C:\Windows\SYSTEM32\GLU32.dll
Image Base: 0x68db0000  Image Size: 0x00025000
File Size:  140288      File Time:  2014-11-21_101704
Version:
   Company:    Microsoft Corporation
   Product:    Microsoft® Windows® Operating System
   FileDesc:   OpenGL Utility Library DLL
   FileVer:    6.3.9600.17415
   ProdVer:    6.3.9600.17415

Module 15
C:\Windows\SYSTEM32\OPENGL32.dll
Image Base: 0x68de0000  Image Size: 0x000de000
File Size:  777728      File Time:  2014-11-21_101704
Version:
   Company:    Microsoft Corporation
   Product:    Microsoft® Windows® Operating System
   FileDesc:   OpenGL Client DLL
   FileVer:    6.3.9600.17415
   ProdVer:    6.3.9600.17415

Module 16
C:\Windows\SYSTEM32\igdusc32.dll
Image Base: 0x6c550000  Image Size: 0x008a4000
File Size:  4929056     File Time:  2015-08-09_025202
Version:
   Company:    Intel Corporation
   Product:    Intel HD Graphics Drivers for Windows 8(R)
   FileDesc:   Unified Shader Compiler for Intel(R) Graphics Accelerator
   FileVer:    10.18.14.4264
   ProdVer:    10.18.14.4264

Module 17
C:\Windows\SYSTEM32\NTASN1.dll
Image Base: 0x6ce00000  Image Size: 0x00029000
File Size:  165728      File Time:  2014-11-21_101840
Version:
   Company:    Microsoft Corporation
   Product:    Microsoft® Windows® Operating System
   FileDesc:   Microsoft ASN.1 API
   FileVer:    6.3.9600.17415
   ProdVer:    6.3.9600.17415

Module 18
C:\Windows\SYSTEM32\d3d10_1core.dll
Image Base: 0x6ce30000  Image Size: 0x0005a000
File Size:  352768      File Time:  2014-11-21_101704
Version:
   Company:    Microsoft Corporation
   Product:    Microsoft® Windows® Operating System
   FileDesc:   Direct3D 10.1 Runtime
   FileVer:    6.3.9600.17415
   ProdVer:    6.3.9600.17415

Module 19
C:\Windows\SYSTEM32\d3d10_1.dll
Image Base: 0x6ce90000  Image Size: 0x0002d000
File Size:  161792      File Time:  2014-11-21_101704
Version:
   Company:    Microsoft Corporation
   Product:    Microsoft® Windows® Operating System
   FileDesc:   Direct3D 10.1 Runtime
   FileVer:    6.3.9600.17415
   ProdVer:    6.3.9600.17415

Module 20
C:\Windows\SYSTEM32\igd10iumd32.dll
Image Base: 0x6cec0000  Image Size: 0x0083e000
File Size:  8723000     File Time:  2015-08-09_025202
Version:
   Company:    Intel Corporation
   Product:    Intel HD Graphics Drivers for Windows 8(R)
   FileDesc:   User Mode Driver for Intel(R) Graphics Technology
   FileVer:    10.18.14.4264
   ProdVer:    10.18.14.4264

Module 21
C:\Windows\SYSTEM32\d3d11.dll
Image Base: 0x6d700000  Image Size: 0x001d9000
File Size:  1946176     File Time:  2016-08-12_025806
Version:
   Company:    Microsoft Corporation
   Product:    Microsoft® Windows® Operating System
   FileDesc:   Direct3D 11 Runtime
   FileVer:    6.3.9600.18437
   ProdVer:    6.3.9600.18437

Module 22
C:\Windows\SYSTEM32\dxgi.dll
Image Base: 0x6d8e0000  Image Size: 0x00069000
File Size:  430176      File Time:  2014-11-21_101706
Version:
   Company:    Microsoft Corporation
   Product:    Microsoft® Windows® Operating System
   FileDesc:   DirectX Graphics Infrastructure
   FileVer:    6.3.9600.17415
   ProdVer:    6.3.9600.17415

Module 23
C:\Windows\SYSTEM32\DEVOBJ.dll
Image Base: 0x6e2c0000  Image Size: 0x00021000
File Size:  127552      File Time:  2014-11-21_101840
Version:
   Company:    Microsoft Corporation
   Product:    Microsoft® Windows® Operating System
   FileDesc:   Device Information Set DLL
   FileVer:    6.3.9600.17415
   ProdVer:    6.3.9600.17415

Module 24
C:\Windows\SYSTEM32\WINMMBASE.dll
Image Base: 0x6e2f0000  Image Size: 0x00023000
File Size:  134280      File Time:  2014-11-21_101718
Version:
   Company:    Microsoft Corporation
   Product:    Microsoft® Windows® Operating System
   FileDesc:   Base Multimedia Extension API DLL
   FileVer:    6.3.9600.17415
   ProdVer:    6.3.9600.17415

Module 25
C:\Windows\SYSTEM32\WINMM.dll
Image Base: 0x6e320000  Image Size: 0x00023000
File Size:  136840      File Time:  2014-11-21_101718
Version:
   Company:    Microsoft Corporation
   Product:    Microsoft® Windows® Operating System
   FileDesc:   MCI API DLL
   FileVer:    6.3.9600.17415
   ProdVer:    6.3.9600.17415

Module 26
C:\Windows\system32\wbem\fastprox.dll
Image Base: 0x72420000  Image Size: 0x000c4000
File Size:  786944      File Time:  2014-11-21_101816
Version:
   Company:    Microsoft Corporation
   Product:    Microsoft® Windows® Operating System
   FileDesc:   WMI Custom Marshaller
   FileVer:    6.3.9600.17415
   ProdVer:    6.3.9600.17415

Module 27
C:\Windows\system32\wbem\wbemsvc.dll
Image Base: 0x724f0000  Image Size: 0x00011000
File Size:  49664       File Time:  2014-11-21_101816
Version:
   Company:    Microsoft Corporation
   Product:    Microsoft® Windows® Operating System
   FileDesc:   WMI
   FileVer:    6.3.9600.17415
   ProdVer:    6.3.9600.17415

Module 28
C:\Windows\SYSTEM32\wbemcomn.dll
Image Base: 0x72530000  Image Size: 0x00066000
File Size:  401408      File Time:  2014-11-21_101816
Version:
   Company:    Microsoft Corporation
   Product:    Microsoft® Windows® Operating System
   FileDesc:   WMI
   FileVer:    6.3.9600.17415
   ProdVer:    6.3.9600.17415

Module 29
C:\Windows\system32\wbem\wbemprox.dll
Image Base: 0x73100000  Image Size: 0x0000d000
File Size:  36864       File Time:  2014-11-21_101816
Version:
   Company:    Microsoft Corporation
   Product:    Microsoft® Windows® Operating System
   FileDesc:   WMI
   FileVer:    6.3.9600.17415
   ProdVer:    6.3.9600.17415

Module 30
C:\Windows\SYSTEM32\WINHTTP.dll
Image Base: 0x73160000  Image Size: 0x0009e000
File Size:  626176      File Time:  2016-06-11_171622
Version:
   Company:    Microsoft Corporation
   Product:    Microsoft® Windows® Operating System
   FileDesc:   Windows HTTP Services
   FileVer:    6.3.9600.18378
   ProdVer:    6.3.9600.18378

Module 31
C:\Windows\system32\uxtheme.dll
Image Base: 0x73200000  Image Size: 0x000ed000
File Size:  949760      File Time:  2014-11-21_101832
Version:
   Company:    Microsoft Corporation
   Product:    Microsoft® Windows® Operating System
   FileDesc:   Microsoft UxTheme Library
   FileVer:    6.3.9600.17415
   ProdVer:    6.3.9600.17415

Module 32
C:\Windows\SYSTEM32\ncrypt.dll
Image Base: 0x73300000  Image Size: 0x00020000
File Size:  120384      File Time:  2016-04-06_184930
Version:
   Company:    Microsoft Corporation
   Product:    Microsoft® Windows® Operating System
   FileDesc:   Windows NCrypt Router
   FileVer:    6.3.9600.18298
   ProdVer:    6.3.9600.18298

Module 33
C:\Windows\system32\dwmapi.dll
Image Base: 0x73330000  Image Size: 0x0001a000
File Size:  102728      File Time:  2014-11-21_101710
Version:
   Company:    Microsoft Corporation
   Product:    Microsoft® Windows® Operating System
   FileDesc:   Microsoft Desktop Window Manager API
   FileVer:    6.3.9600.17415
   ProdVer:    6.3.9600.17415

Module 34
C:\Windows\System32\fwpuclnt.dll
Image Base: 0x73550000  Image Size: 0x00046000
File Size:  272384      File Time:  2016-02-05_160748
Version:
   Company:    Microsoft Corporation
   Product:    Microsoft® Windows® Operating System
   FileDesc:   FWP/IPsec User-Mode API
   FileVer:    6.3.9600.18229
   ProdVer:    6.3.9600.18229

Module 35
C:\Windows\WinSxS\x86_microsoft.windows.common-controls_6595b64144ccf1df_6.0.9600.18006_none_a9ec6aab013aafee\comctl32.dll
Image Base: 0x73dc0000  Image Size: 0x00206000
File Size:  2105856     File Time:  2015-08-06_182032
Version:
   Company:    Microsoft Corporation
   Product:    Microsoft® Windows® Operating System
   FileDesc:   User Experience Controls Library
   FileVer:    6.10.9600.18006
   ProdVer:    6.3.9600.18006

Module 36
C:\Windows\SYSTEM32\DCIMAN32.dll
Image Base: 0x73fd0000  Image Size: 0x00007000
File Size:  11776       File Time:  2014-11-21_101710
Version:
   Company:    Microsoft Corporation
   Product:    Microsoft® Windows® Operating System
   FileDesc:   DCI Manager
   FileVer:    6.3.9600.17415
   ProdVer:    6.3.9600.17415

Module 37
C:\Windows\SYSTEM32\HID.DLL
Image Base: 0x74010000  Image Size: 0x0000a000
File Size:  26624       File Time:  2014-11-21_101656
Version:
   Company:    Microsoft Corporation
   Product:    Microsoft® Windows® Operating System
   FileDesc:   Hid User Library
   FileVer:    6.3.9600.17415
   ProdVer:    6.3.9600.17415

Module 38
C:\Windows\SYSTEM32\dbghelp.dll
Image Base: 0x740f0000  Image Size: 0x00141000
File Size:  1207296     File Time:  2015-04-01_033102
Version:
   Company:    Microsoft Corporation
   Product:    Microsoft® Windows® Operating System
   FileDesc:   Windows Image Helper
   FileVer:    6.3.9600.17787
   ProdVer:    6.3.9600.17787

Module 39
C:\Windows\SYSTEM32\dhcpcsvc.DLL
Image Base: 0x743d0000  Image Size: 0x00014000
File Size:  64512       File Time:  2014-11-21_101840
Version:
   Company:    Microsoft Corporation
   Product:    Microsoft® Windows® Operating System
   FileDesc:   DHCP Client Service
   FileVer:    6.3.9600.17415
   ProdVer:    6.3.9600.17415

Module 40
C:\Windows\SYSTEM32\dhcpcsvc6.DLL
Image Base: 0x743f0000  Image Size: 0x00013000
File Size:  57344       File Time:  2014-11-21_101840
Version:
   Company:    Microsoft Corporation
   Product:    Microsoft® Windows® Operating System
   FileDesc:   DHCPv6 Client
   FileVer:    6.3.9600.17415
   ProdVer:    6.3.9600.17415

Module 41
C:\Windows\SYSTEM32\WINNSI.DLL
Image Base: 0x74410000  Image Size: 0x00008000
File Size:  26304       File Time:  2014-11-21_101652
Version:
   Company:    Microsoft Corporation
   Product:    Microsoft® Windows® Operating System
   FileDesc:   Network Store Information RPC interface
   FileVer:    6.3.9600.17415
   ProdVer:    6.3.9600.17415

Module 42
C:\Windows\SYSTEM32\IPHLPAPI.DLL
Image Base: 0x74420000  Image Size: 0x00020000
File Size:  121912      File Time:  2016-03-12_014736
Version:
   Company:    Microsoft Corporation
   Product:    Microsoft® Windows® Operating System
   FileDesc:   IP Helper API
   FileVer:    6.3.9600.18264
   ProdVer:    6.3.9600.18264

Module 43
C:\Windows\SYSTEM32\ntmarta.dll
Image Base: 0x74440000  Image Size: 0x00028000
File Size:  154392      File Time:  2014-11-21_101840
Version:
   Company:    Microsoft Corporation
   Product:    Microsoft® Windows® Operating System
   FileDesc:   Windows NT MARTA provider
   FileVer:    6.3.9600.17415
   ProdVer:    6.3.9600.17415

Module 44
C:\Windows\SYSTEM32\DNSAPI.dll
Image Base: 0x744c0000  Image Size: 0x0007e000
File Size:  498688      File Time:  2016-07-04_040226
Version:
   Company:    Microsoft Corporation
   Product:    Microsoft® Windows® Operating System
   FileDesc:   DNS Client API DLL
   FileVer:    6.3.9600.18402
   ProdVer:    6.3.9600.18402

Module 45
C:\Windows\SYSTEM32\MSWSOCK.dll
Image Base: 0x745a0000  Image Size: 0x0004b000
File Size:  286208      File Time:  2016-05-13_223518
Version:
   Company:    Microsoft Corporation
   Product:    Microsoft® Windows® Operating System
   FileDesc:   Microsoft Windows Sockets 2.0 Service Provider
   FileVer:    6.3.9600.18340
   ProdVer:    6.3.9600.18340

Module 46
C:\Windows\System32\rasadhlp.dll
Image Base: 0x74610000  Image Size: 0x00008000
File Size:  12288       File Time:  2014-11-21_101832
Version:
   Company:    Microsoft Corporation
   Product:    Microsoft® Windows® Operating System
   FileDesc:   Remote Access AutoDial Helper
   FileVer:    6.3.9600.17415
   ProdVer:    6.3.9600.17415

Module 47
C:\Windows\SYSTEM32\shcore.dll
Image Base: 0x746a0000  Image Size: 0x0008b000
File Size:  560392      File Time:  2015-01-23_060234
Version:
   Company:    Microsoft Corporation
   Product:    Microsoft® Windows® Operating System
   FileDesc:   SHCORE
   FileVer:    6.3.9600.17666
   ProdVer:    6.3.9600.17666

Module 48
C:\Windows\system32\rsaenh.dll
Image Base: 0x74730000  Image Size: 0x00030000
File Size:  192120      File Time:  2016-01-09_024944
Version:
   Company:    Microsoft Corporation
   Product:    Microsoft® Windows® Operating System
   FileDesc:   Microsoft Enhanced Cryptographic Provider
   FileVer:    6.3.9600.18191
   ProdVer:    6.3.9600.18191

Module 49
C:\Windows\SYSTEM32\CRYPTSP.dll
Image Base: 0x74760000  Image Size: 0x00019000
File Size:  96032       File Time:  2014-11-21_101840
Version:
   Company:    Microsoft Corporation
   Product:    Microsoft® Windows® Operating System
   FileDesc:   Cryptographic Service Provider API
   FileVer:    6.3.9600.17415
   ProdVer:    6.3.9600.17415

Module 50
C:\Windows\SYSTEM32\bcrypt.dll
Image Base: 0x74780000  Image Size: 0x0001e000
File Size:  111104      File Time:  2014-11-21_101840
Version:
   Company:    Microsoft Corporation
   Product:    Microsoft® Windows® Operating System
   FileDesc:   Windows Cryptographic Primitives Library
   FileVer:    6.3.9600.17415
   ProdVer:    6.3.9600.17415

Module 51
C:\Windows\SYSTEM32\VERSION.dll
Image Base: 0x74fc0000  Image Size: 0x00008000
File Size:  26304       File Time:  2014-11-21_101836
Version:
   Company:    Microsoft Corporation
   Product:    Microsoft® Windows® Operating System
   FileDesc:   Version Checking and File Installation Libraries
   FileVer:    6.3.9600.17415
   ProdVer:    6.3.9600.17415

Module 52
C:\Windows\SYSTEM32\kernel.appcore.dll
Image Base: 0x74fd0000  Image Size: 0x00009000
File Size:  29920       File Time:  2014-11-21_101822
Version:
   Company:    Microsoft Corporation
   Product:    Microsoft® Windows® Operating System
   FileDesc:   AppModel API Host
   FileVer:    6.3.9600.17415
   ProdVer:    6.3.9600.17415

Module 53
C:\Windows\SYSTEM32\bcryptPrimitives.dll
Image Base: 0x750c0000  Image Size: 0x00054000
File Size:  340880      File Time:  2016-05-18_232836
Version:
   Company:    Microsoft Corporation
   Product:    Microsoft® Windows® Operating System
   FileDesc:   Windows Cryptographic Primitives Library
   FileVer:    6.3.9600.18344
   ProdVer:    6.3.9600.18344

Module 54
C:\Windows\SYSTEM32\CRYPTBASE.dll
Image Base: 0x75120000  Image Size: 0x0000a000
File Size:  30984       File Time:  2014-11-21_101828
Version:
   Company:    Microsoft Corporation
   Product:    Microsoft® Windows® Operating System
   FileDesc:   Base cryptographic API DLL
   FileVer:    6.3.9600.17415
   ProdVer:    6.3.9600.17415

Module 55
C:\Windows\SYSTEM32\KERNELBASE.dll
Image Base: 0x75130000  Image Size: 0x000d7000
File Size:  862720      File Time:  2016-05-13_232434
Version:
   Company:    Microsoft Corporation
   Product:    Microsoft® Windows® Operating System
   FileDesc:   Windows NT BASE API Client DLL
   FileVer:    6.3.9600.18340
   ProdVer:    6.3.9600.18340

Module 56
C:\Windows\SYSTEM32\WS2_32.dll
Image Base: 0x753a0000  Image Size: 0x0004f000
File Size:  320720      File Time:  2016-05-14_210128
Version:
   Company:    Microsoft Corporation
   Product:    Microsoft® Windows® Operating System
   FileDesc:   Windows Socket 2.0 32-Bit DLL
   FileVer:    6.3.9600.18340
   ProdVer:    6.3.9600.18340

Module 57
C:\Windows\SYSTEM32\USER32.dll
Image Base: 0x75430000  Image Size: 0x00153000
File Size:  1376768     File Time:  2016-08-14_171438
Version:
   Company:    Microsoft Corporation
   Product:    Microsoft® Windows® Operating System
   FileDesc:   Multi-User Windows USER API Client DLL
   FileVer:    6.3.9600.18439
   ProdVer:    6.3.9600.18439

Module 58
C:\Windows\SYSTEM32\combase.dll
Image Base: 0x75610000  Image Size: 0x0017d000
File Size:  1564496     File Time:  2016-01-19_192400
Version:
   Company:    Microsoft Corporation
   Product:    Microsoft® Windows® Operating System
   FileDesc:   Microsoft COM for Windows
   FileVer:    6.3.9600.18202
   ProdVer:    6.3.9600.18202

Module 59
C:\Windows\SYSTEM32\KERNEL32.DLL
Image Base: 0x75810000  Image Size: 0x00140000
File Size:  1040384     File Time:  2014-11-21_101822
Version:
   Company:    Microsoft Corporation
   Product:    Microsoft® Windows® Operating System
   FileDesc:   Windows NT BASE API Client DLL
   FileVer:    6.3.9600.17415
   ProdVer:    6.3.9600.17415

Module 60
C:\Windows\SYSTEM32\RPCRT4.dll
Image Base: 0x75950000  Image Size: 0x000ba000
File Size:  747520      File Time:  2016-03-31_044026
Version:
   Company:    Microsoft Corporation
   Product:    Microsoft® Windows® Operating System
   FileDesc:   Remote Procedure Call Runtime
   FileVer:    6.3.9600.18292
   ProdVer:    6.3.9600.18292

Module 61
C:\Windows\SYSTEM32\ole32.dll
Image Base: 0x75a10000  Image Size: 0x00129000
File Size:  1212248     File Time:  2016-10-08_023432
Version:
   Company:    Microsoft Corporation
   Product:    Microsoft® Windows® Operating System
   FileDesc:   Microsoft OLE for Windows
   FileVer:    6.3.9600.18508
   ProdVer:    6.3.9600.18508

Module 62
C:\Windows\SYSTEM32\msvcrt.dll
Image Base: 0x75b40000  Image Size: 0x000c3000
File Size:  800008      File Time:  2014-11-21_101858
Version:
   Company:    Microsoft Corporation
   Product:    Microsoft® Windows® Operating System
   FileDesc:   Windows NT CRT DLL
   FileVer:    7.0.9600.17415
   ProdVer:    6.1.8638.17415

Module 63
C:\Windows\SYSTEM32\SspiCli.dll
Image Base: 0x75c10000  Image Size: 0x0001e000
File Size:  104960      File Time:  2016-08-20_235520
Version:
   Company:    Microsoft Corporation
   Product:    Microsoft® Windows® Operating System
   FileDesc:   Security Support Provider Interface
   FileVer:    6.3.9600.18454
   ProdVer:    6.3.9600.18454

Module 64
C:\Windows\SYSTEM32\clbcatq.dll
Image Base: 0x75c30000  Image Size: 0x0008d000
File Size:  569128      File Time:  2014-11-21_101824
Version:
   Company:    Microsoft Corporation
   Product:    Microsoft® Windows® Operating System
   FileDesc:   COM+ Configuration Catalog
   FileVer:    2001.12.10530.17415
   ProdVer:    6.3.9600.17415

Module 65
C:\Windows\SYSTEM32\PSAPI.DLL
Image Base: 0x75cc0000  Image Size: 0x00006000
File Size:  16504       File Time:  2014-11-21_101822
Version:
   Company:    Microsoft Corporation
   Product:    Microsoft® Windows® Operating System
   FileDesc:   Process Status Helper
   FileVer:    6.3.9600.17415
   ProdVer:    6.3.9600.17415

Module 66
C:\Windows\SYSTEM32\ADVAPI32.dll
Image Base: 0x75cd0000  Image Size: 0x0007c000
File Size:  507176      File Time:  2015-12-08_200750
Version:
   Company:    Microsoft Corporation
   Product:    Microsoft® Windows® Operating System
   FileDesc:   Advanced Windows 32 Base API
   FileVer:    6.3.9600.18155
   ProdVer:    6.3.9600.18155

Module 67
C:\Windows\SYSTEM32\SHELL32.dll
Image Base: 0x75d50000  Image Size: 0x012bb000
File Size:  19789232    File Time:  2016-08-27_192608
Version:
   Company:    Microsoft Corporation
   Product:    Microsoft® Windows® Operating System
   FileDesc:   Windows Shell Common Dll
   FileVer:    6.3.9600.18460
   ProdVer:    6.3.9600.18460

Module 68
C:\Windows\SYSTEM32\sechost.dll
Image Base: 0x77010000  Image Size: 0x00041000
File Size:  257216      File Time:  2015-03-23_224506
Version:
   Company:    Microsoft Corporation
   Product:    Microsoft® Windows® Operating System
   FileDesc:   Host for SCM/SDDL/LSA Lookup APIs
   FileVer:    6.3.9600.17734
   ProdVer:    6.3.9600.17734

Module 69
C:\Windows\SYSTEM32\NSI.dll
Image Base: 0x770f0000  Image Size: 0x00007000
File Size:  20120       File Time:  2014-11-21_101652
Version:
   Company:    Microsoft Corporation
   Product:    Microsoft® Windows® Operating System
   FileDesc:   NSI User-mode interface DLL
   FileVer:    6.3.9600.17415
   ProdVer:    6.3.9600.17415

Module 70
C:\Windows\SYSTEM32\IMM32.dll
Image Base: 0x77110000  Image Size: 0x00027000
File Size:  141312      File Time:  2014-11-21_101710
Version:
   Company:    Microsoft Corporation
   Product:    Microsoft® Windows® Operating System
   FileDesc:   Multi-User Windows IMM32 API Client DLL
   FileVer:    6.3.9600.17415
   ProdVer:    6.3.9600.17415

Module 71
C:\Windows\SYSTEM32\GDI32.dll
Image Base: 0x771e0000  Image Size: 0x0010f000
File Size:  1097216     File Time:  2016-05-18_213600
Version:
   Company:    Microsoft Corporation
   Product:    Microsoft® Windows® Operating System
   FileDesc:   GDI Client DLL
   FileVer:    6.3.9600.18344
   ProdVer:    6.3.9600.18344

Module 72
C:\Windows\SYSTEM32\cfgmgr32.dll
Image Base: 0x772f0000  Image Size: 0x0003c000
File Size:  241168      File Time:  2014-11-21_101840
Version:
   Company:    Microsoft Corporation
   Product:    Microsoft® Windows® Operating System
   FileDesc:   Configuration Manager DLL
   FileVer:    6.3.9600.17415
   ProdVer:    6.3.9600.17415

Module 73
C:\Windows\SYSTEM32\MSCTF.dll
Image Base: 0x774a0000  Image Size: 0x00112000
File Size:  1124376     File Time:  2016-10-13_200636
Version:
   Company:    Microsoft Corporation
   Product:    Microsoft® Windows® Operating System
   FileDesc:   MSCTF Server DLL
   FileVer:    6.3.9600.18514
   ProdVer:    6.3.9600.18514

Module 74
C:\Windows\SYSTEM32\OLEAUT32.dll
Image Base: 0x775c0000  Image Size: 0x00097000
File Size:  611576      File Time:  2016-08-09_234718
Version:
   Company:    Microsoft Corporation
   Product:    
   FileDesc:   
   FileVer:    6.3.9600.18434
   ProdVer:    6.3.9600.18434

Module 75
C:\Windows\SYSTEM32\SHLWAPI.dll
Image Base: 0x77660000  Image Size: 0x00045000
File Size:  278352      File Time:  2014-11-21_101836
Version:
   Company:    Microsoft Corporation
   Product:    Microsoft® Windows® Operating System
   FileDesc:   Shell Light-weight Utility Library
   FileVer:    6.3.9600.17415
   ProdVer:    6.3.9600.17415

Module 76
C:\Windows\SYSTEM32\SETUPAPI.dll
Image Base: 0x776b0000  Image Size: 0x001b1000
File Size:  1782912     File Time:  2014-11-21_101820
Version:
   Company:    Microsoft Corporation
   Product:    Microsoft® Windows® Operating System
   FileDesc:   Windows Setup API
   FileVer:    6.3.9600.17415
   ProdVer:    6.3.9600.17415

Module 77
C:\Windows\SYSTEM32\ntdll.dll
Image Base: 0x77940000  Image Size: 0x0016f000
File Size:  1501488     File Time:  2016-02-11_211640
Version:
   Company:    Microsoft Corporation
   Product:    Microsoft® Windows® Operating System
   FileDesc:   NT Layer DLL
   FileVer:    6.3.9600.18233
   ProdVer:    6.3.9600.18233


== [end of error.log] ==
