Unity Player [version: Unity 5.4.3f1_01f4c123905a]

networkTest.exe caused an Access Violation (0xc0000005)
  in module networkTest.exe at 0023:0088d1d6.

Error occurred at 2016-11-19_182550.
C:\Users\Constantin\Documents\Network_Lauzhack\ProjectSettings\networkTest.exe, run by Constantin.
64% memory in use.
3985 MB physical memory [1408 MB free].
0 MB paging file [2741 MB free].
0 MB user address space [3771 MB free].
Read from location 000005d4 caused an access violation.

Context:
EDI:    0x00000000  ESI: 0x040fdef0  EAX:   0x0158e648
EBX:    0x00149515  ECX: 0x00000000  EDX:   0x00000002
EIP:    0x0088d1d6  EBP: 0x0158e634  SegCs: 0x00000023
EFlags: 0x00210287  ESP: 0x0158e630  SegSs: 0x0000002b

Bytes at CS:EIP:
83 bf d4 05 00 00 00 75 07 32 c0 5f 5d c2 04 00 

Stack:
0x0158e630: 010ac1b5 0158e664 00874a89 0158e648 ....d.X..J..H.X.
0x0158e640: 00000003 040fdef0 666e6f63 01006769 ........config..
0x0158e650: 7543acc7 01cea490 00000006 0000000f ..Cu............
0x0158e660: 0158e6c8 0158e66c 00873ce7 0158e684 ..X.l.X..<....X.
0x0158e670: 00873e06 00000002 008761b0 00000000 .>.......a......
0x0158e680: 01223670 0158e6a0 0087620f 00000003 p6"...X..b......
0x0158e690: 485926a9 485926a9 00149515 00000000 .&YH.&YH........
0x0158e6a0: 0158e6d4 00872c75 040fdef0 00000003 ..X.u,..........
0x0158e6b0: 485926a9 485926a9 00149515 00000000 .&YH.&YH........
0x0158e6c0: 00000003 040fde98 00000000 01223670 ............p6".
0x0158e6d0: 00000000 0158e73c 00873964 00000003 ....<.X.d9......
0x0158e6e0: 485926a9 485926a9 00149515 00000000 .&YH.&YH........
0x0158e6f0: 01223974 00000000 01223974 00000000 t9".....t9".....
0x0158e700: 0187ebb8 0158e71c 00000006 03a91fa0 ......X.........
0x0158e710: 0158e720 00ea1007 00000006 03af1b30  .X.........0...
0x0158e720: 0158e744 006ea3c3 03ffff88 0158e740 D.X...n.....@.X.
0x0158e730: 00000000 7d9f617b 00000000 0158e748 ....{a.}....H.X.
0x0158e740: 00873987 00000003 0158e764 00367691 .9......d.X..v6.
0x0158e750: 040fde98 00000000 00000000 00000006 ................
0x0158e760: 00000000 0158e784 0049a43f 00000000 ......X.?.I.....
0x0158e770: 03a87070 00000000 fffffffe 0158e7cc pp............X.
0x0158e780: 00532bb4 0158e7cc 00532945 00000000 .+S...X.E)S.....
0x0158e790: 00000001 00532600 00000006 00000000 .....&S.........
0x0158e7a0: 77989484 0e423076 00000001 00000000 ...wv0B.........
0x0158e7b0: 779893d0 01cb5850 00000000 0000001c ...wPX..........
0x0158e7c0: 00000001 00000e8c 00000000 0158e7f8 ..............X.
0x0158e7d0: 75438e71 000f0658 00000006 00000001 q.CuX...........
0x0158e7e0: 00000000 00000006 dcbaabcd 00000000 ................
0x0158e7f0: 00532600 00000006 0158e88c 754390d1 .&S.......X...Cu
0x0158e800: 00532600 000f0658 00000006 00000001 .&S.X...........
0x0158e810: 00000000 0e423f66 00000000 00000000 ....f?B.........
0x0158e820: 00000006 00000024 00000001 00000000 ....$...........
0x0158e830: 00000000 00000030 ffffffff ffffffff ....0...........
0x0158e840: 75438fce 00000000 00000000 00532600 ..Cu.........&S.
0x0158e850: 00000000 0e423f9a 01af09f8 00000000 .....?B.........
0x0158e860: 00000000 00000001 00000000 000f0658 ............X...
0x0158e870: 0e423f66 7543932c 0158e058 0158e8dc f?B.,.CuX.X...X.
0x0158e880: 7546f160 7a5947b2 00000000 0158e8ec `.Fu.GYz......X.
0x0158e890: 7543932c 00532600 00000000 00000006 ,.Cu.&S.........
0x0158e8a0: 00000001 00000000 fec1c000 00000001 ................
0x0158e8b0: 0e423f06 00000104 7796a9b0 00000000 .?B........w....
0x0158e8c0: 0158e924 7546f160 00000000 000f0658 $.X.`.Fu....X...
0x0158e8d0: 00000000 0158e8b0 0158e058 0158e93c ......X.X.X.<.X.
0x0158e8e0: 7546f160 7a594422 fffffffe 0158e92c `.Fu"DYz....,.X.
0x0158e8f0: 75439529 01cea490 00000000 00000006 ).Cu............
0x0158e900: 00000001 00000000 00532600 0158ea40 .........&S.@.X.
0x0158e910: 00000001 00000000 00000000 0158e92c ............,.X.
0x0158e920: 00000000 00000000 0e423ec6 0158e990 .........>B...X.
0x0158e930: 77980596 0158e944 00000000 0158ea08 ...wD.X.......X.
0x0158e940: 779804e0 01cea490 00000000 00000006 ...w............
0x0158e950: 00000001 00000000 00532600 7796a9b0 .........&S....w
0x0158e960: 00000000 7543a923 0158ea40 00000000 ....#.Cu@.X.....
0x0158e970: 00000104 00000104 00000002 01ce51c0 .............Q..
0x0158e980: fec1c800 01100100 0158ea40 0158ea40 ........@.X.@.X.
0x0158e990: 0158e9c4 7543a989 00000104 00000104 ..X...Cu........
0x0158e9a0: 00000002 00000000 0158ecc8 0158ea40 ..........X.@.X.
0x0158e9b0: 0158ecc8 fec1c800 01100100 01ce51c0 ..X..........Q..
0x0158e9c0: fec1c800 0158ea18 756503c3 0158ea40 ......X...eu@.X.
0x0158e9d0: 00000000 00000104 00000104 00000002 ................
0x0158e9e0: 0e7cb0af 0158ecc8 00000000 00000104 ..|...X.........
0x0158e9f0: 00000000 00000000 0158ecc8 00000000 ..........X.....
0x0158ea00: 0158e9e0 00000000 0158eab0 7568c150 ..X.......X.P.hu
0x0158ea10: 7a41596f 00000000 0158ea60 756507a0 oYAz....`.X...eu
0x0158ea20: 0158ea40 00000000 00000104 00000104 @.X.............
0x0158ea30: 00000002 0158ecc8 0158ecc8 00000001 ......X...X.....
0x0158ea40: 7543dae1 00005cff 00000032 0158ea5c ..Cu.\..2...\.X.
0x0158ea50: 7543daa5 7543daaf 0e423db6 0e7cb0d7 ..Cu..Cu.=B...|.
0x0158ea60: 0158eac0 75650511 0e7cb077 00ae38f3 ..X...euw.|..8..
0x0158ea70: 0158ecc8 00000001 fec1f000 00000000 ..X.............
0x0158ea80: 00000000 00000001 00000102 0158ea7c ............|.X.
0x0158ea90: 000001da 00000000 0158ecc8 00000000 ..........X.....
0x0158eaa0: 04010001 0e7cb077 0158ea68 0158eae4 ....w.|.h.X...X.
0x0158eab0: 0158f218 7568c150 7a415f6f fffffffe ..X.P.huo_Az....
0x0158eac0: 0158eae4 756505fb 00000000 0a049f28 ..X...eu....(...
0x0158ead0: 0158ecc8 000003e8 00ae38f3 0e7cb063 ..X......8..c.|.
0x0158eae0: 0158eb50 0158eb50 7574b50c 0158eb10 P.X.P.X...tu..X.
0x0158eaf0: 00000001 0158eb0c 0b60f63c 01887178 ......X.<.`.xq..
0x0158eb00: 0a049f28 0e7cb1bf 00000000 ffffffff (.....|.........
0x0158eb10: 00000698 00000000 0b7fa254 0158eb60 ........T...`.X.
0x0158eb20: 759733e1 0a0628d8 0b861af4 00000014 .3.u.(..........
0x0158eb30: 0a0497d0 0b864cd0 75973427 0a0628c0 .....L..'4.u.(..
0x0158eb40: 0b60f63c 7561d4e0 01887178 0e7cb1e7 <.`...auxq....|.
0x0158eb50: 0158ec9c 7574a259 0158ee14 0b60f63c ..X.Y.tu..X.<.`.
0x0158eb60: 0a049f28 00000000 0b864cd0 0a0497d0 (........L......
0x0158eb70: 0158ebc4 75973557 00000001 0b864cd4 ..X.W5.u.....L..
0x0158eb80: 0b861d68 00000000 00000000 00000000 h...............
0x0158eb90: ffffffff 75634766 0e7cb6bf 00000000 ....fGcu..|.....
0x0158eba0: 0158ec48 00000000 0a049f28 00000000 H.X.....(.......
0x0158ebb0: 00ae38c4 01887278 01887178 0a049fb8 .8..xr..xq......
0x0158ebc0: 0b60f63c ffffffff 759732b0 0158ee14 <.`......2.u..X.
0x0158ebd0: 0158ebec 0158eddc 00000000 0188727c ..X...X.....|r..
0x0158ebe0: 759730c3 0b864c34 0e96f1ba 0158ec0c .0.u4L........X.
0x0158ebf0: 75973038 0000000a 0b864b10 00008000 80.u.....K......
0x0158ec00: 0b864b10 0b861ae0 0158ee14 0158ec74 .K........X.t.X.
0x0158ec10: 75973235 00008000 0b864b10 759717fe 52.u.....K.....u
0x0158ec20: 00008000 00000000 0158ec34 018fac70 ........4.X.p...
0x0158ec30: 7795fd9d 0158ec50 75971b40 01913890 ...wP.X.@..u.8..
0x0158ec40: 0b864b10 0a049f8c 0b864b10 0b864b10 .K.......K...K..
0x0158ec50: 0158ec70 75972a94 00001000 00000000 p.X..*.u........
0x0158ec60: 0b864b10 75972afa 00000000 0e96f626 .K...*.u....&...
0x0158ec70: 0158ec98 423ec01e 11d22e35 100004b6 ..X...>B5.......
0x0158ec80: fd3e704b 0a049f8c 75972561 0188d0b8 Kp>.....a%.u....
0x0158ec90: 75972a60 0e96f6ce 0e7cb62b 0158ed5c `*.u....+.|.\.X.
0x0158eca0: 7564fe0d 0b60f63c 0158ee14 0158eddc ..du<.`...X...X.
0x0158ecb0: 7564fbf0 01887178 0a049f28 0b60f63c ..duxq..(...<.`.
0x0158ecc0: 7574a070 0158eddc 7564fb08 00000000 p.tu..X...du....
0x0158ecd0: 80010115 01900220 00000000 00000000 .... ...........
0x0158ece0: 00000000 00000000 00000000 00000000 ................
0x0158ecf0: 00000000 779d7380 00000000 00000000 .....s.w........
0x0158ed00: 00005dff a9389145 462f2f4f 46569388 .]..E.8.O//F..VF
0x0158ed10: 38e6bee7 00000010 00000000 0158edb4 ...8..........X.
0x0158ed20: 00ae38c4 0000002f 00000000 00000001 .8../...........
0x0158ed30: 00000000 01939940 00000000 00000000 ....@...........
0x0158ed40: 00000000 00000000 00000000 00000001 ................
0x0158ed50: 00000000 0e7cb60b 00000000 0158edc0 ......|.......X.
0x0158ed60: 7562c65d 0b60f63c 0158ee14 0158eddc ].bu<.`...X...X.
0x0158ed70: 7562c550 0158ee40 0b861784 00000000 P.bu@.X.........
0x0158ed80: 00000000 018fac70 0e96f7da 00000000 ....p...........
0x0158ed90: 75971dc4 75972ec0 0b864b10 75971dd1 ...u...u.K.....u
0x0158eda0: 0158ee40 724f3bcc 0158edc8 75969764 @.X..;Or..X.d..u
0x0158edb0: 01900250 0a0dd644 00000010 0e7cb7cb P...D.........|.
0x0158edc0: 0158ede4 7574a010 0b60f63c 0158ee14 ..X...tu<.`...X.
0x0158edd0: 0158eddc 00000000 75749fb0 00000000 ..X.......tu....
0x0158ede0: 0e7cb753 0158edfc 75975769 0b861784 S.|...X.iW.u....
0x0158edf0: 0158ee40 75975740 0e96f7aa 0158f228 @.X.@W.u....(.X.
0x0158ee00: 759f6c1b 0e96e87e 756313e0 0158f260 .l.u~.....cu`.X.
0x0158ee10: 0a0dd66c 0a049f28 00000010 01900250 l...(.......P...
0x0158ee20: 00000018 00008003 00000000 0a0628c0 .............(..
0x0158ee30: 00000000 0000019f 00008003 00000000 ................
0x0158ee40: 0158ee14 01900268 00000000 00000000 ..X.h...........
0x0158ee50: 01900250 00000054 00000000 00000000 P...T...........
0x0158ee60: 00000001 00000000 00000000 00000000 ................
0x0158ee70: 00000000 00000000 00000002 00000000 ................
0x0158ee80: 00000000 00000000 724f8850 724f8860 ........P.Or`.Or
0x0158ee90: 0158f260 00000000 00000000 00000000 `.X.............
0x0158eea0: 724f39b0 00000000 00000000 00000000 .9Or............
0x0158eeb0: 00000140 00000000 00000000 00000000 @...............
0x0158eec0: 00000000 0b60f63c 00000000 00000000 ....<.`.........
0x0158eed0: 00000000 00000000 00000000 00000003 ................
0x0158eee0: 0158dda0 00000000 0158f000 0158f260 ..X.......X.`.X.
0x0158eef0: 00000000 00000000 00000000 00000000 ................
0x0158ef00: 00000000 0158ef58 00000000 00000000 ....X.X.........
0x0158ef10: 00000000 00000000 00000000 00000000 ................
0x0158ef20: 00000000 00000000 00000000 00000000 ................
0x0158ef30: 00000000 00000001 0b861784 00000000 ................
0x0158ef40: 00000000 0188d0f4 00000001 00000003 ................
0x0158ef50: 00000000 00000000 8a885d04 0000006c .........]..l...
0x0158ef60: 724f4cea 724f4ce0 00000007 724f4cf8 .LOr.LOr.....LOr
0x0158ef70: 0158f260 00000233 00000000 724f4cea `.X.3........LOr
0x0158ef80: 724f3a22 00000022 00000000 00000000 ":Or"...........
0x0158ef90: 00000000 00000001 00000020 00000000 ........ .......
0x0158efa0: 00000000 00000000 00000000 759716e0 ...............u
0x0158efb0: 00000000 00000000 00000000 00000000 ................
0x0158efc0: 759757b0 75975740 00000000 00000000 .W.u@W.u........
0x0158efd0: 00000000 00000000 00000000 00000000 ................
0x0158efe0: 00000000 00000000 00000000 0158f190 ..............X.
0x0158eff0: 0158eff0 0158eff0 00000068 00000000 ..X...X.h.......
0x0158f000: 0158f000 0158f000 00000017 00000000 ..X...X.........
0x0158f010: 0158f294 0b861784 724f3dc0 0001ff00 ..X......=Or....
0x0158f020: 00000000 014201d4 00000011 00000001 ......B.........
0x0158f030: 01422ab8 00000000 0158f0c4 77980ea9 .*B.......X....w
0x0158f040: 0000002c 00000000 0b7f9d94 77980de0 ,..............w
0x0158f050: 0b922020 00000048 0b805330 00000002   ..H...0S......
0x0158f060: 00000007 75622c7e 00000000 00000038 ....~,bu....8...
0x0158f070: 02000002 00000010 75972028 00000004 ........( .u....
0x0158f080: 0158f0e4 0b861df8 75631da4 0158f0b4 ..X.......cu..X.
0x0158f090: 7574c64a 0b7f9d94 7574bff0 7574c1a1 J.tu......tu..tu
0x0158f0a0: 0e7caa13 0158f0c8 7574c1e9 0b60ff78 ..|...X...tux.`.
0x0158f0b0: 75631d0c 0158f0c0 0b7f9d94 7574c213 ..cu..X.......tu
0x0158f0c0: 00000000 0e7caa7f 0158f13c 0158f13c ......|.<.X.<.X.
0x0158f0d0: 756336d9 7575d9fc 0b922020 0b922020 .6cu..uu  ..  ..
0x0158f0e0: 75633790 0b60f690 00000000 7574c1b0 .7cu..`.......tu
0x0158f0f0: 0b964880 00000000 0b964880 00000000 .H.......H......
0x0158f100: 0b861df8 0b7f9d94 0b964880 7575d9fc .........H....uu
0x0158f110: 00000000 7561d4e0 01887178 0158f130 ......auxq..0.X.
0x0158f120: 7574bd73 0b7f9e34 7574bd7e 0e7cab87 s.tu4...~.tu..|.
0x0158f130: 0158f144 7596b646 0b861dfc 7596b651 D.X.F..u....Q..u
0x0158f140: 0e96eb12 0158f1a8 75631cea 0b861dfc ......X...cu....
0x0158f150: 0b7f9d94 0158f1f4 75631d04 00000000 ......X...cu....
0x0158f160: 0b8618a8 0b964880 0158f298 7561b320 .....H....X. .au
0x0158f170: 0158f1c0 0b861df8 00000004 0a0ba348 ..X.........H...
0x0158f180: 7797de0c 750c15fd 00000020 0b65c388 ...w...u .....e.
0x0158f190: 00000010 0b65c388 00000000 0158f1f8 ......e.......X.
0x0158f1a0: 750c1549 0b65c3f0 00000010 0158f2ac I..u..e.......X.
0x0158f1b0: 750c1559 00000000 0158f2bc 0b65c3e0 Y..u......X...e.
0x0158f1c0: 0000000d 00000000 0b7f0001 0158f218 ..............X.
0x0158f1d0: 0b65c3f0 0b8618a0 0b921f80 00000000 ..e.............
0x0158f1e0: 0158f1e8 0158f1ec 7564dd8f 0b861dfc ..X...X...du....
0x0158f1f0: 00000000 0e196470 0158f228 750c17be ....pd..(.X....u
0x0158f200: 00000010 00000001 756313e0 0e96e87e ..........cu~...
0x0158f210: 0158ee04 7244a768 0158f2c4 7597fb50 ..X.h.Dr..X.P..u
0x0158f220: 7a593c2e 00000001 0158f248 75749e1e .<Yz....H.X...tu
0x0158f230: 724f39b0 724f4ce0 0158f260 0158f358 .9Or.LOr`.X.X.X.
0x0158f240: 0a0dd6a0 00000020 0158f258 7562c46f .... ...X.X.o.bu
0x0158f250: 0158f260 00000003 0158f2d0 7244a5c6 `.X.......X...Dr
0x0158f260: 0b861784 0a0dd644 ffffffff 00000001 ....D...........
0x0158f270: 0158f358 0158f298 0158f290 0dbb2f62 X.X...X...X.b/..
0x0158f280: 03362b08 0101db34 00000000 0126acd0 .+6.4.........&.
0x0158f290: 00000000 0b861784 00000000 0158f354 ............T.X.
0x0158f2a0: 0a0dd618 0a0dd658 00385c00 7d5b780b ....X....\8..x[}
0x0158f2b0: 429094c4 49bc9394 f0a1b07d 0dbb2f6e ...B...I}...n/..
0x0158f2c0: 00386f54 0158f978 72477999 ffffffff To8.x.X..yGr....
0x0158f2d0: 0158f348 00395e9f 0a0dd6a0 ffffffff H.X..^9.........
0x0158f2e0: 00000001 0158f354 0158f358 00000010 ....T.X.X.X.....
0x0158f2f0: 00000010 00000000 0158f32c 0027fd1a ........,.X...'.
0x0158f300: 0339f310 00000042 00000023 0158f380 ..9.B...#.....X.
0x0158f310: 0000000f 03391a20 0158f380 0158f308 .... .9...X...X.
0x0158f320: 0158f380 00000023 0158f348 0028f3f4 ..X.#...H.X...(.
0x0158f330: 00000000 00000000 00000000 00000010 ................
0x0158f340: 0b7f8ba0 0a0dd6a0 0158f3a0 00396137 ..........X.7a9.
0x0158f350: 0158f364 00000000 00000000 040fdef0 d.X.............
0x0158f360: 00000000 304e3845 38304a43 34353435 ....E8N0CJ085454
0x0158f370: 00393533 0000000f 0000000f 03391a20 359......... .9.
0x0158f380: 03391a20 040fdef0 0158f398 00387042  .9.......X.Bp8.
0x0158f390: 00000023 0000002f 0158f494 0b7f8ba0 #.../.....X.....
0x0158f3a0: 0158f494 00874975 00000010 040fdef0 ..X.uI..........
0x0158f3b0: 00000000 0158f3cc 00385845 03392b30 ......X.EX8.0+9.
0x0158f3c0: 00000010 00000010 0126a000 0158f404 ..........&...X.
0x0158f3d0: 342e3575 3166332e 00000000 0000002f u5.4.3f1..../...
0x0158f3e0: 00000008 0000000f 0158f400 03391a20 ..........X. .9.
0x0158f3f0: 00387982 00000030 00000010 00000020 .y8.0....... ...
0x0158f400: 0000002f 0158f424 646e6957 5073776f /...$.X.WindowsP
0x0158f410: 6579616c 00000072 0000000d 0000000f layer...........
0x0158f420: 0000004b 03391a20 0027f6e9 00000030 K... .9...'.0...
0x0158f430: 00000010 00000020 0000002f 01007da8 .... .../....}..
0x0158f440: 0000004b 0158f478 0027fca6 00000030 K...x.X...'.0...
0x0158f450: 00000000 00000024 040fdf00 342e3500 ....$........5.4
0x0158f460: 3166332e 040fdf00 0158f454 00000000 .3f1....T.X.....
0x0158f470: 0000000f 0158f494 03391900 03392b30 ......X...9.0+9.
0x0158f480: 03391ab0 00000024 00000000 0000000f ..9.$...........
0x0158f490: 00000000 0158f49c 00873cda 0158f4ac ......X..<....X.
0x0158f4a0: 008744f7 00000001 040fdef0 0158f520 .D.......... .X.
0x0158f4b0: 008760cb 0158f4c4 00000001 040fdef0 .`....X.........
0x0158f4c0: 00149515 03391ab0 040fde98 00000000 ......9.........
0x0158f4d0: 011f9548 00000024 0000002f 0052f700 H...$.../.....R.
0x0158f4e0: 00000000 00000000 00000005 00000000 ................
0x0158f4f0: 00000000 0000000f 7d9b77ca 00000100 .........w.}....
0x0158f500: 00000000 0158f579 00000010 00000000 ....y.X.........
0x0158f510: 0000000f 011f9624 040fdef0 0158f530 ....$.......0.X.
0x0158f520: 0158f530 00876195 00000000 01223670 0.X..a......p6".
0x0158f530: 0158f54c 0087620f 00000001 485926a9 L.X..b.......&YH
0x0158f540: 485926a9 00149515 00000000 0158f580 .&YH..........X.
0x0158f550: 00872c75 040fdef0 00000001 485926a9 u,...........&YH
0x0158f560: 485926a9 00149515 00000000 010ac06d .&YH........m...
0x0158f570: 040fde98 00000000 01223670 00000000 ........p6".....
0x0158f580: 0158f5e8 00873964 00000001 485926a9 ..X.d9.......&YH
0x0158f590: 485926a9 00149515 00000000 00000002 .&YH............
0x0158f5a0: 00000003 01220350 03392b00 0339f2f0 ....P."..+9...9.
0x0158f5b0: 033763b0 0158f624 00000000 0000000f .c7.$.X.........
0x0158f5c0: 00000002 03392b30 0158f5b8 0158f978 ....0+9...X.x.X.
0x0158f5d0: 00000000 00000024 0000002f 0158f5f8 ....$.../.....X.
0x0158f5e0: 7d9f610e 00000000 0158f5f4 00873aba .a.}......X..:..
0x0158f5f0: 00000001 0158f61c 004bfe60 040fde98 ......X.`.K.....
0x0158f600: ffffffbc 03abb260 00000002 03abb260 ....`.......`...
0x0158f610: 03373a01 03abb1d0 0122032c 0158f684 .:7.....,."...X.
0x0158f620: 004c0b8f ffffffbc 03abb260 00000002 ..L.....`.......
0x0158f630: 03373ab0 03abb1d0 03373a01 0339f190 .:7......:7...9.
0x0158f640: 0339f190 00000000 03abb224 0158f660 ..9.....$...`.X.
0x0158f650: 0339f1b0 00000000 0339f190 00000000 ..9.......9.....
0x0158f660: 0158f670 00386fb0 0339f190 00000008 p.X..o8...9.....
0x0158f670: 0158f6a8 00288d80 0339f190 03abb1d0 ..X...(...9.....
0x0158f680: 03abb1d0 0158f6a8 004c0d4f 03373ab0 ......X.O.L..:7.
0x0158f690: 03abb1d0 004bfa5a 00000010 03373ab0 ....Z.K......:7.
0x0158f6a0: 00000001 03373ab0 0158f6c8 004bfaea .....:7...X...K.
0x0158f6b0: 00000002 7fffffff 00000010 03abb1d0 ................
0x0158f6c0: 00000000 00000001 0158f6d8 003685f1 ..........X...6.
0x0158f6d0: 0000000f 03ac0980 0158f76c 0049ba4c ........l.X.L.I.
0x0158f6e0: 0158f704 0158f720 0158f73c 0158f758 ..X. .X.<.X.X.X.
0x0158f6f0: 00000000 00000002 75465da0 75449c00 .........]Fu..Du
0x0158f700: 00000004 0339f230 0158f740 002f18f4 ....0.9.@.X.../.
0x0158f710: 0158f740 00000011 0000001f 01227bcc @.X..........{".
0x0158f720: 6576656c 0000306c 00000000 00000000 level0..........
0x0158f730: 00000006 0000000f 00000000 0339f210 ..............9.
0x0158f740: 0158f75c 002be606 0339f230 00000014 \.X...+.0.9.....
0x0158f750: 0000001f 00000000 00000000 00000000 ................
0x0158f760: 00000000 00000000 75449c00 0158f7a8 ..........Du..X.
0x0158f770: 0049baf2 00000000 00532322 00532469 ..I....."#S.i$S.
0x0158f780: 00000000 00000001 000f0658 000000ff ........X.......
0x0158f790: 00000001 08230251 00ae378c 000001db ....Q.#..7......
0x0158f7a0: 00000111 00000600 0158f8e0 00534bde ..........X..KS.
0x0158f7b0: 0094631b 00000000 fec1f000 0336faf0 .c............6.
0x0158f7c0: 01c0003f 000001ff 00000000 00000058 ?...........X...
0x0158f7d0: 0000005f 00000fff 0336fa90 7fffffff _.........6.....
0x0158f7e0: 03211b78 0113d3e0 0000005d 0000005f x.!.....]..._...
0x0158f7f0: 00964cc5 03211b78 0113d3e0 00000010 .L..x.!.........
0x0158f800: 00000010 7fffffff 00000000 011f9548 ............H...
0x0158f810: 03211698 00000010 0158f800 0158f84c ..!.......X.L.X.
0x0158f820: 00961985 03211b78 0113d3e0 0336fd90 ....x.!.......6.
0x0158f830: 0158f83c 7fffffff 00000000 0000005e <.X.........^...
0x0158f840: 0000005f 032105a8 0335fd50 0158f87c _.....!.P.5.|.X.
0x0158f850: 00952e6e 03211b78 0000004f 0000004f n...x.!.O...O...
0x0158f860: 0158f79c 616e614d 00646567 6c65746e ..X.Managed.ntel
0x0158f870: 00000000 00000007 0000000f 0158f888 ..............X.
0x0158f880: 03357a90 03357ac8 03357ac8 0000000d .z5..z5..z5.....
0x0158f890: 01699040 65646900 646e6957 6c00776f @.i..ideWindow.l
0x0158f8a0: 0158006c 00000000 0000000f 00000000 l.X.............
0x0158f8b0: 00000000 65726100 5748746e 0000444e .....arentHWND..
0x0158f8c0: 0187305f 00000000 0000000f 00000000 _0..............
0x0158f8d0: 01699040 01699080 00000000 00100801 @.i...i.........
0x0158f8e0: 0158f8f8 00916608 00270000 00000000 ..X..f....'.....
0x0158f8f0: 01873061 00000001 0158f988 009462c8 a0........X..b..
0x0158f900: 00270000 00000000 01873061 00000001 ..'.....a0......
0x0158f910: c5458003 0094631b 0094631b fec1f000 ..E..c...c......
0x0158f920: 00000044 018719f8 018719d8 0187193a D...........:...
0x0158f930: 00000000 00000000 00000000 00000000 ................
0x0158f940: 00000000 00000000 00000000 00000001 ................
0x0158f950: 00000001 00000000 0158f984 0158f984 ..........X...X.
0x0158f960: 00957906 0158f974 0094631b 00000000 .y..t.X..c......
0x0158f970: 0158f910 36783fe5 0158f9d4 00947c40 ..X..?x6..X.@|..
0x0158f980: c507a96b 00000000 0158f99c 75827c04 k.........X..|.u
0x0158f990: fec1f000 75827be0 0e98c029 0158f9e4 .....{.u).....X.
0x0158f9a0: 7799ab8f fec1f000 0cadae3f 00000000 ...w....?.......
0x0158f9b0: 00000000 fec1f000 fffff801 00000000 ................
0x0158f9c0: 00000000 6d148230 0cadae3f 0158f9a8 ....0..m?.....X.
0x0158f9d0: ffffe000 0158f9ec 779d7380 7a6cfc7b ......X..s.w{.lz
0x0158f9e0: 00000000 0158f9f4 7799ab5a ffffffff ......X.Z..w....
0x0158f9f0: 7797ffea 00000000 00000000 0094631b ...w.........c..
0x0158fa00: fec1f000 00000000 00000000 00000000 ................
0x0158fa10: 00000000 00000000 00000000 00000000 ................
0x0158fa20: 00000000 00000000 00000000 00000000 ................
0x0158fa30: 00000000 00000000 00000000 00000000 ................
0x0158fa40: 00000000 00000000 00000000 00000000 ................
0x0158fa50: 00000000 00000000 00000000 00000000 ................
0x0158fa60: 00000000 00000000 00000000 00000000 ................
0x0158fa70: 00000000 00000000 00000000 00000000 ................
0x0158fa80: 00000000 00000000 00000000 00000000 ................
0x0158fa90: 00000000 00000000 00000000 00000000 ................
0x0158faa0: 00000000 00000000 00000000 00000000 ................
0x0158fab0: 00000000 00000000 00000000 00000000 ................
0x0158fac0: 00000000 00000000 00000000 00000000 ................
0x0158fad0: 00000000 00000000 00000000 00000000 ................
0x0158fae0: 00000000 00000000 00000000 00000000 ................
0x0158faf0: 00000000 00000000 00000000 00000000 ................
0x0158fb00: 00000000 00000000 00000000 00000000 ................
0x0158fb10: 00000000 00000000 00000000 00000000 ................
0x0158fb20: 00000000 00000000 00000000 00000000 ................
0x0158fb30: 00000000 00000000 00000000 00000000 ................
0x0158fb40: 00000000 00000000 00000000 00000000 ................
0x0158fb50: 00000000 00000000 00000000 00000000 ................
0x0158fb60: 00000000 00000000 00000000 00000000 ................
0x0158fb70: 00000000 00000000 00000000 00000000 ................
0x0158fb80: 00000000 00000000 00000000 00000000 ................
0x0158fb90: 00000000 00000000 00000000 00000000 ................
0x0158fba0: 00000000 00000000 00000000 00000000 ................
0x0158fbb0: 00000000 00000000 00000000 00000000 ................
0x0158fbc0: 00000000 00000000 00000000 00000000 ................
0x0158fbd0: 00000000 00000000 00000000 00000000 ................
0x0158fbe0: 00000000 00000000 00000000 00000000 ................
0x0158fbf0: 00000000 00000000 00000000 00000000 ................
0x0158fc00: 00000000 00000000 00000000 00000000 ................
0x0158fc10: 00000000 00000000 00000000 00000000 ................
0x0158fc20: 00000000 00000000 00000000 00000000 ................
0x0158fc30: 00000000 00000000 00000000 00000000 ................
0x0158fc40: 00000000 00000000 00000000 00000000 ................
0x0158fc50: 00000000 00000000 00000000 00000000 ................
0x0158fc60: 00000000 00000000 00000000 00000000 ................
0x0158fc70: 00000000 00000000 00000000 00000000 ................
0x0158fc80: 00000000 00000000 00000000 00000000 ................
0x0158fc90: 00000000 00000000 00000000 00000000 ................
0x0158fca0: 00000000 00000000 00000000 00000000 ................
0x0158fcb0: 00000000 00000000 00000000 00000000 ................
0x0158fcc0: 00000000 00000000 00000000 00000000 ................
0x0158fcd0: 00000000 00000000 00000000 00000000 ................
0x0158fce0: 00000000 00000000 00000000 00000000 ................
0x0158fcf0: 00000000 00000000 00000000 00000000 ................
0x0158fd00: 00000000 00000000 00000000 00000000 ................
0x0158fd10: 00000000 00000000 00000000 00000000 ................
0x0158fd20: 00000000 00000000 00000000 00000000 ................
0x0158fd30: 00000000 00000000 00000000 00000000 ................
0x0158fd40: 00000000 00000000 00000000 00000000 ................
0x0158fd50: 00000000 00000000 00000000 00000000 ................
0x0158fd60: 00000000 00000000 00000000 00000000 ................
0x0158fd70: 00000000 00000000 00000000 00000000 ................
0x0158fd80: 00000000 00000000 00000000 00000000 ................
0x0158fd90: 00000000 00000000 00000000 00000000 ................
0x0158fda0: 00000000 00000000 00000000 00000000 ................
0x0158fdb0: 00000000 00000000 00000000 00000000 ................
0x0158fdc0: 00000000 00000000 00000000 00000000 ................
0x0158fdd0: 00000000 00000000 00000000 00000000 ................
0x0158fde0: 00000000 00000000 00000000 00000000 ................
0x0158fdf0: 00000000 00000000 00000000 00000000 ................
0x0158fe00: 00000000 00000000 00000000 00000000 ................
0x0158fe10: 00000000 00000000 00000000 00000000 ................
0x0158fe20: 00000000 00000000 00000000 00000000 ................
0x0158fe30: 00000000 00000000 00000000 00000000 ................
0x0158fe40: 00000000 00000000 00000000 00000000 ................
0x0158fe50: 00000000 00000000 00000000 00000000 ................
0x0158fe60: 00000000 00000000 00000000 00000000 ................
0x0158fe70: 00000000 00000000 00000000 00000000 ................
0x0158fe80: 00000000 00000000 00000000 00000000 ................
0x0158fe90: 00000000 00000000 00000000 00000000 ................
0x0158fea0: 00000000 00000000 00000000 00000000 ................
0x0158feb0: 00000000 00000000 00000000 00000000 ................
0x0158fec0: 00000000 00000000 00000000 00000000 ................
0x0158fed0: 00000000 00000000 00000000 00000000 ................
0x0158fee0: 00000000 00000000 00000000 00000000 ................
0x0158fef0: 00000000 00000000 00000000 00000000 ................
0x0158ff00: 00000000 00000000 00000000 00000000 ................
0x0158ff10: 00000000 00000000 00000000 00000000 ................
0x0158ff20: 00000000 00000000 00000000 00000000 ................
0x0158ff30: 00000000 00000000 00000000 00000000 ................
0x0158ff40: 00000000 00000000 00000000 00000000 ................
0x0158ff50: 00000000 00000000 00000000 00000000 ................
0x0158ff60: 00000000 00000000 00000000 00000000 ................
0x0158ff70: 00000000 00000000 00000000 00000000 ................
0x0158ff80: 00000000 00000000 00000000 00000000 ................
0x0158ff90: 00000000 00000000 00000000 00000000 ................
0x0158ffa0: 00000000 00000000 00000000 00000000 ................
0x0158ffb0: 00000000 00000000 00000000 00000000 ................
0x0158ffc0: 00000000 00000000 00000000 00000000 ................
0x0158ffd0: 00000000 00000000 00000000 00000000 ................
0x0158ffe0: 00000000 00000000 00000000 00000000 ................
0x0158fff0: 00000000 00000000 00000000 00000000 ................

Module 1
C:\Users\Constantin\Documents\Network_Lauzhack\ProjectSettings\networkTest.exe
Image Base: 0x00270000  Image Size: 0x01193000
File Size:  17577472    File Time:  2016-11-09_134848
Version:
   Company:    
   Product:    
   FileDesc:   
   FileVer:    5.4.3.62657
   ProdVer:    5.4.3.62657

Module 2
C:\Windows\SYSTEM32\xinput1_3.dll
Image Base: 0x00400000  Image Size: 0x00016000
File Size:  81768       File Time:  2007-04-04_165342
Version:
   Company:    Microsoft Corporation
   Product:    Microsoft® DirectX for Windows®
   FileDesc:   Microsoft Common Controller API
   FileVer:    9.18.944.0
   ProdVer:    9.18.944.0

Module 3
C:\Users\Constantin\Documents\Network_Lauzhack\ProjectSettings\networkTest_Data\Mono\mono.dll
Image Base: 0x10000000  Image Size: 0x00231000
File Size:  2114520     File Time:  2016-11-09_135640
Version:
   Company:    Unity Technologies
   Product:    libmono
   FileDesc:   Unity Technologies fork of mono runtime
   FileVer:    1.0.0.1
   ProdVer:    1.0.0.1

Module 4
C:\Windows\SYSTEM32\midimap.dll
Image Base: 0x68b20000  Image Size: 0x00008000
File Size:  18944       File Time:  2014-11-21_101718
Version:
   Company:    Microsoft Corporation
   Product:    Microsoft® Windows® Operating System
   FileDesc:   Microsoft MIDI Mapper
   FileVer:    6.3.9600.17415
   ProdVer:    6.3.9600.17415

Module 5
C:\Windows\SYSTEM32\MSACM32.dll
Image Base: 0x68b30000  Image Size: 0x00017000
File Size:  89816       File Time:  2014-11-21_101718
Version:
   Company:    Microsoft Corporation
   Product:    Microsoft® Windows® Operating System
   FileDesc:   Microsoft ACM Audio Filter
   FileVer:    6.3.9600.17415
   ProdVer:    6.3.9600.17415

Module 6
C:\Windows\SYSTEM32\msacm32.drv
Image Base: 0x68b50000  Image Size: 0x00009000
File Size:  23040       File Time:  2014-11-21_101718
Version:
   Company:    Microsoft Corporation
   Product:    Microsoft® Windows® Operating System
   FileDesc:   Microsoft Sound Mapper
   FileVer:    6.3.9600.17415
   ProdVer:    6.3.9600.17415

Module 7
C:\Windows\SYSTEM32\powrprof.dll
Image Base: 0x68b60000  Image Size: 0x00040000
File Size:  255136      File Time:  2014-11-21_101820
Version:
   Company:    Microsoft Corporation
   Product:    Microsoft® Windows® Operating System
   FileDesc:   Power Profile Helper DLL
   FileVer:    6.3.9600.17415
   ProdVer:    6.3.9600.17415

Module 8
C:\Windows\SYSTEM32\AUDIOSES.DLL
Image Base: 0x68ba0000  Image Size: 0x00060000
File Size:  370424      File Time:  2014-11-21_101718
Version:
   Company:    Microsoft Corporation
   Product:    Microsoft® Windows® Operating System
   FileDesc:   Audio Session
   FileVer:    6.3.9600.17415
   ProdVer:    6.3.9600.17415

Module 9
C:\Windows\SYSTEM32\AVRT.dll
Image Base: 0x68c00000  Image Size: 0x0000a000
File Size:  31496       File Time:  2014-11-21_101900
Version:
   Company:    Microsoft Corporation
   Product:    Microsoft® Windows® Operating System
   FileDesc:   Multimedia Realtime Runtime
   FileVer:    6.3.9600.17415
   ProdVer:    6.3.9600.17415

Module 10
C:\Windows\SYSTEM32\ksuser.dll
Image Base: 0x68c10000  Image Size: 0x00007000
File Size:  19096       File Time:  2014-11-21_101718
Version:
   Company:    Microsoft Corporation
   Product:    Microsoft® Windows® Operating System
   FileDesc:   User CSA Library
   FileVer:    6.3.9600.17415
   ProdVer:    6.3.9600.17415

Module 11
C:\Windows\SYSTEM32\wdmaud.drv
Image Base: 0x68c20000  Image Size: 0x00036000
File Size:  197120      File Time:  2014-11-21_101718
Version:
   Company:    Microsoft Corporation
   Product:    Microsoft® Windows® Operating System
   FileDesc:   Winmm  audio system driver
   FileVer:    6.3.9600.17415
   ProdVer:    6.3.9600.17415

Module 12
C:\Windows\System32\MMDevApi.dll
Image Base: 0x68c60000  Image Size: 0x00053000
File Size:  331048      File Time:  2014-11-21_101718
Version:
   Company:    Microsoft Corporation
   Product:    Microsoft® Windows® Operating System
   FileDesc:   MMDevice API
   FileVer:    6.3.9600.17415
   ProdVer:    6.3.9600.17415

Module 13
C:\Windows\SYSTEM32\DDRAW.dll
Image Base: 0x68cc0000  Image Size: 0x000ec000
File Size:  544256      File Time:  2014-11-21_101704
Version:
   Company:    Microsoft Corporation
   Product:    Microsoft® Windows® Operating System
   FileDesc:   Microsoft DirectDraw
   FileVer:    6.3.9600.17415
   ProdVer:    6.3.9600.17415

Module 14
C:\Windows\SYSTEM32\GLU32.dll
Image Base: 0x68db0000  Image Size: 0x00025000
File Size:  140288      File Time:  2014-11-21_101704
Version:
   Company:    Microsoft Corporation
   Product:    Microsoft® Windows® Operating System
   FileDesc:   OpenGL Utility Library DLL
   FileVer:    6.3.9600.17415
   ProdVer:    6.3.9600.17415

Module 15
C:\Windows\SYSTEM32\OPENGL32.dll
Image Base: 0x68de0000  Image Size: 0x000de000
File Size:  777728      File Time:  2014-11-21_101704
Version:
   Company:    Microsoft Corporation
   Product:    Microsoft® Windows® Operating System
   FileDesc:   OpenGL Client DLL
   FileVer:    6.3.9600.17415
   ProdVer:    6.3.9600.17415

Module 16
C:\Windows\SYSTEM32\igdusc32.dll
Image Base: 0x6c550000  Image Size: 0x008a4000
File Size:  4929056     File Time:  2015-08-09_025202
Version:
   Company:    Intel Corporation
   Product:    Intel HD Graphics Drivers for Windows 8(R)
   FileDesc:   Unified Shader Compiler for Intel(R) Graphics Accelerator
   FileVer:    10.18.14.4264
   ProdVer:    10.18.14.4264

Module 17
C:\Windows\SYSTEM32\NTASN1.dll
Image Base: 0x6ce00000  Image Size: 0x00029000
File Size:  165728      File Time:  2014-11-21_101840
Version:
   Company:    Microsoft Corporation
   Product:    Microsoft® Windows® Operating System
   FileDesc:   Microsoft ASN.1 API
   FileVer:    6.3.9600.17415
   ProdVer:    6.3.9600.17415

Module 18
C:\Windows\SYSTEM32\d3d10_1core.dll
Image Base: 0x6ce30000  Image Size: 0x0005a000
File Size:  352768      File Time:  2014-11-21_101704
Version:
   Company:    Microsoft Corporation
   Product:    Microsoft® Windows® Operating System
   FileDesc:   Direct3D 10.1 Runtime
   FileVer:    6.3.9600.17415
   ProdVer:    6.3.9600.17415

Module 19
C:\Windows\SYSTEM32\d3d10_1.dll
Image Base: 0x6ce90000  Image Size: 0x0002d000
File Size:  161792      File Time:  2014-11-21_101704
Version:
   Company:    Microsoft Corporation
   Product:    Microsoft® Windows® Operating System
   FileDesc:   Direct3D 10.1 Runtime
   FileVer:    6.3.9600.17415
   ProdVer:    6.3.9600.17415

Module 20
C:\Windows\SYSTEM32\igd10iumd32.dll
Image Base: 0x6cec0000  Image Size: 0x0083e000
File Size:  8723000     File Time:  2015-08-09_025202
Version:
   Company:    Intel Corporation
   Product:    Intel HD Graphics Drivers for Windows 8(R)
   FileDesc:   User Mode Driver for Intel(R) Graphics Technology
   FileVer:    10.18.14.4264
   ProdVer:    10.18.14.4264

Module 21
C:\Windows\SYSTEM32\d3d11.dll
Image Base: 0x6d700000  Image Size: 0x001d9000
File Size:  1946176     File Time:  2016-08-12_025806
Version:
   Company:    Microsoft Corporation
   Product:    Microsoft® Windows® Operating System
   FileDesc:   Direct3D 11 Runtime
   FileVer:    6.3.9600.18437
   ProdVer:    6.3.9600.18437

Module 22
C:\Windows\SYSTEM32\dxgi.dll
Image Base: 0x6d8e0000  Image Size: 0x00069000
File Size:  430176      File Time:  2014-11-21_101706
Version:
   Company:    Microsoft Corporation
   Product:    Microsoft® Windows® Operating System
   FileDesc:   DirectX Graphics Infrastructure
   FileVer:    6.3.9600.17415
   ProdVer:    6.3.9600.17415

Module 23
C:\Windows\SYSTEM32\DEVOBJ.dll
Image Base: 0x6e2c0000  Image Size: 0x00021000
File Size:  127552      File Time:  2014-11-21_101840
Version:
   Company:    Microsoft Corporation
   Product:    Microsoft® Windows® Operating System
   FileDesc:   Device Information Set DLL
   FileVer:    6.3.9600.17415
   ProdVer:    6.3.9600.17415

Module 24
C:\Windows\SYSTEM32\WINMMBASE.dll
Image Base: 0x6e2f0000  Image Size: 0x00023000
File Size:  134280      File Time:  2014-11-21_101718
Version:
   Company:    Microsoft Corporation
   Product:    Microsoft® Windows® Operating System
   FileDesc:   Base Multimedia Extension API DLL
   FileVer:    6.3.9600.17415
   ProdVer:    6.3.9600.17415

Module 25
C:\Windows\SYSTEM32\WINMM.dll
Image Base: 0x6e320000  Image Size: 0x00023000
File Size:  136840      File Time:  2014-11-21_101718
Version:
   Company:    Microsoft Corporation
   Product:    Microsoft® Windows® Operating System
   FileDesc:   MCI API DLL
   FileVer:    6.3.9600.17415
   ProdVer:    6.3.9600.17415

Module 26
C:\Windows\system32\wbem\fastprox.dll
Image Base: 0x72420000  Image Size: 0x000c4000
File Size:  786944      File Time:  2014-11-21_101816
Version:
   Company:    Microsoft Corporation
   Product:    Microsoft® Windows® Operating System
   FileDesc:   WMI Custom Marshaller
   FileVer:    6.3.9600.17415
   ProdVer:    6.3.9600.17415

Module 27
C:\Windows\system32\wbem\wbemsvc.dll
Image Base: 0x724f0000  Image Size: 0x00011000
File Size:  49664       File Time:  2014-11-21_101816
Version:
   Company:    Microsoft Corporation
   Product:    Microsoft® Windows® Operating System
   FileDesc:   WMI
   FileVer:    6.3.9600.17415
   ProdVer:    6.3.9600.17415

Module 28
C:\Windows\SYSTEM32\wbemcomn.dll
Image Base: 0x72530000  Image Size: 0x00066000
File Size:  401408      File Time:  2014-11-21_101816
Version:
   Company:    Microsoft Corporation
   Product:    Microsoft® Windows® Operating System
   FileDesc:   WMI
   FileVer:    6.3.9600.17415
   ProdVer:    6.3.9600.17415

Module 29
C:\Windows\system32\wbem\wbemprox.dll
Image Base: 0x73100000  Image Size: 0x0000d000
File Size:  36864       File Time:  2014-11-21_101816
Version:
   Company:    Microsoft Corporation
   Product:    Microsoft® Windows® Operating System
   FileDesc:   WMI
   FileVer:    6.3.9600.17415
   ProdVer:    6.3.9600.17415

Module 30
C:\Windows\SYSTEM32\WINHTTP.dll
Image Base: 0x73160000  Image Size: 0x0009e000
File Size:  626176      File Time:  2016-06-11_171622
Version:
   Company:    Microsoft Corporation
   Product:    Microsoft® Windows® Operating System
   FileDesc:   Windows HTTP Services
   FileVer:    6.3.9600.18378
   ProdVer:    6.3.9600.18378

Module 31
C:\Windows\system32\uxtheme.dll
Image Base: 0x73200000  Image Size: 0x000ed000
File Size:  949760      File Time:  2014-11-21_101832
Version:
   Company:    Microsoft Corporation
   Product:    Microsoft® Windows® Operating System
   FileDesc:   Microsoft UxTheme Library
   FileVer:    6.3.9600.17415
   ProdVer:    6.3.9600.17415

Module 32
C:\Windows\SYSTEM32\ncrypt.dll
Image Base: 0x73300000  Image Size: 0x00020000
File Size:  120384      File Time:  2016-04-06_184930
Version:
   Company:    Microsoft Corporation
   Product:    Microsoft® Windows® Operating System
   FileDesc:   Windows NCrypt Router
   FileVer:    6.3.9600.18298
   ProdVer:    6.3.9600.18298

Module 33
C:\Windows\system32\dwmapi.dll
Image Base: 0x73330000  Image Size: 0x0001a000
File Size:  102728      File Time:  2014-11-21_101710
Version:
   Company:    Microsoft Corporation
   Product:    Microsoft® Windows® Operating System
   FileDesc:   Microsoft Desktop Window Manager API
   FileVer:    6.3.9600.17415
   ProdVer:    6.3.9600.17415

Module 34
C:\Windows\System32\fwpuclnt.dll
Image Base: 0x73550000  Image Size: 0x00046000
File Size:  272384      File Time:  2016-02-05_160748
Version:
   Company:    Microsoft Corporation
   Product:    Microsoft® Windows® Operating System
   FileDesc:   FWP/IPsec User-Mode API
   FileVer:    6.3.9600.18229
   ProdVer:    6.3.9600.18229

Module 35
C:\Windows\WinSxS\x86_microsoft.windows.common-controls_6595b64144ccf1df_6.0.9600.18006_none_a9ec6aab013aafee\comctl32.dll
Image Base: 0x73dc0000  Image Size: 0x00206000
File Size:  2105856     File Time:  2015-08-06_182032
Version:
   Company:    Microsoft Corporation
   Product:    Microsoft® Windows® Operating System
   FileDesc:   User Experience Controls Library
   FileVer:    6.10.9600.18006
   ProdVer:    6.3.9600.18006

Module 36
C:\Windows\SYSTEM32\DCIMAN32.dll
Image Base: 0x73fd0000  Image Size: 0x00007000
File Size:  11776       File Time:  2014-11-21_101710
Version:
   Company:    Microsoft Corporation
   Product:    Microsoft® Windows® Operating System
   FileDesc:   DCI Manager
   FileVer:    6.3.9600.17415
   ProdVer:    6.3.9600.17415

Module 37
C:\Windows\SYSTEM32\HID.DLL
Image Base: 0x74010000  Image Size: 0x0000a000
File Size:  26624       File Time:  2014-11-21_101656
Version:
   Company:    Microsoft Corporation
   Product:    Microsoft® Windows® Operating System
   FileDesc:   Hid User Library
   FileVer:    6.3.9600.17415
   ProdVer:    6.3.9600.17415

Module 38
C:\Windows\SYSTEM32\dbghelp.dll
Image Base: 0x740f0000  Image Size: 0x00141000
File Size:  1207296     File Time:  2015-04-01_033102
Version:
   Company:    Microsoft Corporation
   Product:    Microsoft® Windows® Operating System
   FileDesc:   Windows Image Helper
   FileVer:    6.3.9600.17787
   ProdVer:    6.3.9600.17787

Module 39
C:\Windows\SYSTEM32\dhcpcsvc.DLL
Image Base: 0x743d0000  Image Size: 0x00014000
File Size:  64512       File Time:  2014-11-21_101840
Version:
   Company:    Microsoft Corporation
   Product:    Microsoft® Windows® Operating System
   FileDesc:   DHCP Client Service
   FileVer:    6.3.9600.17415
   ProdVer:    6.3.9600.17415

Module 40
C:\Windows\SYSTEM32\dhcpcsvc6.DLL
Image Base: 0x743f0000  Image Size: 0x00013000
File Size:  57344       File Time:  2014-11-21_101840
Version:
   Company:    Microsoft Corporation
   Product:    Microsoft® Windows® Operating System
   FileDesc:   DHCPv6 Client
   FileVer:    6.3.9600.17415
   ProdVer:    6.3.9600.17415

Module 41
C:\Windows\SYSTEM32\WINNSI.DLL
Image Base: 0x74410000  Image Size: 0x00008000
File Size:  26304       File Time:  2014-11-21_101652
Version:
   Company:    Microsoft Corporation
   Product:    Microsoft® Windows® Operating System
   FileDesc:   Network Store Information RPC interface
   FileVer:    6.3.9600.17415
   ProdVer:    6.3.9600.17415

Module 42
C:\Windows\SYSTEM32\IPHLPAPI.DLL
Image Base: 0x74420000  Image Size: 0x00020000
File Size:  121912      File Time:  2016-03-12_014736
Version:
   Company:    Microsoft Corporation
   Product:    Microsoft® Windows® Operating System
   FileDesc:   IP Helper API
   FileVer:    6.3.9600.18264
   ProdVer:    6.3.9600.18264

Module 43
C:\Windows\SYSTEM32\ntmarta.dll
Image Base: 0x74440000  Image Size: 0x00028000
File Size:  154392      File Time:  2014-11-21_101840
Version:
   Company:    Microsoft Corporation
   Product:    Microsoft® Windows® Operating System
   FileDesc:   Windows NT MARTA provider
   FileVer:    6.3.9600.17415
   ProdVer:    6.3.9600.17415

Module 44
C:\Windows\SYSTEM32\DNSAPI.dll
Image Base: 0x744c0000  Image Size: 0x0007e000
File Size:  498688      File Time:  2016-07-04_040226
Version:
   Company:    Microsoft Corporation
   Product:    Microsoft® Windows® Operating System
   FileDesc:   DNS Client API DLL
   FileVer:    6.3.9600.18402
   ProdVer:    6.3.9600.18402

Module 45
C:\Windows\SYSTEM32\MSWSOCK.dll
Image Base: 0x745a0000  Image Size: 0x0004b000
File Size:  286208      File Time:  2016-05-13_223518
Version:
   Company:    Microsoft Corporation
   Product:    Microsoft® Windows® Operating System
   FileDesc:   Microsoft Windows Sockets 2.0 Service Provider
   FileVer:    6.3.9600.18340
   ProdVer:    6.3.9600.18340

Module 46
C:\Windows\System32\rasadhlp.dll
Image Base: 0x74610000  Image Size: 0x00008000
File Size:  12288       File Time:  2014-11-21_101832
Version:
   Company:    Microsoft Corporation
   Product:    Microsoft® Windows® Operating System
   FileDesc:   Remote Access AutoDial Helper
   FileVer:    6.3.9600.17415
   ProdVer:    6.3.9600.17415

Module 47
C:\Windows\SYSTEM32\shcore.dll
Image Base: 0x746a0000  Image Size: 0x0008b000
File Size:  560392      File Time:  2015-01-23_060234
Version:
   Company:    Microsoft Corporation
   Product:    Microsoft® Windows® Operating System
   FileDesc:   SHCORE
   FileVer:    6.3.9600.17666
   ProdVer:    6.3.9600.17666

Module 48
C:\Windows\system32\rsaenh.dll
Image Base: 0x74730000  Image Size: 0x00030000
File Size:  192120      File Time:  2016-01-09_024944
Version:
   Company:    Microsoft Corporation
   Product:    Microsoft® Windows® Operating System
   FileDesc:   Microsoft Enhanced Cryptographic Provider
   FileVer:    6.3.9600.18191
   ProdVer:    6.3.9600.18191

Module 49
C:\Windows\SYSTEM32\CRYPTSP.dll
Image Base: 0x74760000  Image Size: 0x00019000
File Size:  96032       File Time:  2014-11-21_101840
Version:
   Company:    Microsoft Corporation
   Product:    Microsoft® Windows® Operating System
   FileDesc:   Cryptographic Service Provider API
   FileVer:    6.3.9600.17415
   ProdVer:    6.3.9600.17415

Module 50
C:\Windows\SYSTEM32\bcrypt.dll
Image Base: 0x74780000  Image Size: 0x0001e000
File Size:  111104      File Time:  2014-11-21_101840
Version:
   Company:    Microsoft Corporation
   Product:    Microsoft® Windows® Operating System
   FileDesc:   Windows Cryptographic Primitives Library
   FileVer:    6.3.9600.17415
   ProdVer:    6.3.9600.17415

Module 51
C:\Windows\SYSTEM32\VERSION.dll
Image Base: 0x74fc0000  Image Size: 0x00008000
File Size:  26304       File Time:  2014-11-21_101836
Version:
   Company:    Microsoft Corporation
   Product:    Microsoft® Windows® Operating System
   FileDesc:   Version Checking and File Installation Libraries
   FileVer:    6.3.9600.17415
   ProdVer:    6.3.9600.17415

Module 52
C:\Windows\SYSTEM32\kernel.appcore.dll
Image Base: 0x74fd0000  Image Size: 0x00009000
File Size:  29920       File Time:  2014-11-21_101822
Version:
   Company:    Microsoft Corporation
   Product:    Microsoft® Windows® Operating System
   FileDesc:   AppModel API Host
   FileVer:    6.3.9600.17415
   ProdVer:    6.3.9600.17415

Module 53
C:\Windows\SYSTEM32\bcryptPrimitives.dll
Image Base: 0x750c0000  Image Size: 0x00054000
File Size:  340880      File Time:  2016-05-18_232836
Version:
   Company:    Microsoft Corporation
   Product:    Microsoft® Windows® Operating System
   FileDesc:   Windows Cryptographic Primitives Library
   FileVer:    6.3.9600.18344
   ProdVer:    6.3.9600.18344

Module 54
C:\Windows\SYSTEM32\CRYPTBASE.dll
Image Base: 0x75120000  Image Size: 0x0000a000
File Size:  30984       File Time:  2014-11-21_101828
Version:
   Company:    Microsoft Corporation
   Product:    Microsoft® Windows® Operating System
   FileDesc:   Base cryptographic API DLL
   FileVer:    6.3.9600.17415
   ProdVer:    6.3.9600.17415

Module 55
C:\Windows\SYSTEM32\KERNELBASE.dll
Image Base: 0x75130000  Image Size: 0x000d7000
File Size:  862720      File Time:  2016-05-13_232434
Version:
   Company:    Microsoft Corporation
   Product:    Microsoft® Windows® Operating System
   FileDesc:   Windows NT BASE API Client DLL
   FileVer:    6.3.9600.18340
   ProdVer:    6.3.9600.18340

Module 56
C:\Windows\SYSTEM32\WS2_32.dll
Image Base: 0x753a0000  Image Size: 0x0004f000
File Size:  320720      File Time:  2016-05-14_210128
Version:
   Company:    Microsoft Corporation
   Product:    Microsoft® Windows® Operating System
   FileDesc:   Windows Socket 2.0 32-Bit DLL
   FileVer:    6.3.9600.18340
   ProdVer:    6.3.9600.18340

Module 57
C:\Windows\SYSTEM32\USER32.dll
Image Base: 0x75430000  Image Size: 0x00153000
File Size:  1376768     File Time:  2016-08-14_171438
Version:
   Company:    Microsoft Corporation
   Product:    Microsoft® Windows® Operating System
   FileDesc:   Multi-User Windows USER API Client DLL
   FileVer:    6.3.9600.18439
   ProdVer:    6.3.9600.18439

Module 58
C:\Windows\SYSTEM32\combase.dll
Image Base: 0x75610000  Image Size: 0x0017d000
File Size:  1564496     File Time:  2016-01-19_192400
Version:
   Company:    Microsoft Corporation
   Product:    Microsoft® Windows® Operating System
   FileDesc:   Microsoft COM for Windows
   FileVer:    6.3.9600.18202
   ProdVer:    6.3.9600.18202

Module 59
C:\Windows\SYSTEM32\KERNEL32.DLL
Image Base: 0x75810000  Image Size: 0x00140000
File Size:  1040384     File Time:  2014-11-21_101822
Version:
   Company:    Microsoft Corporation
   Product:    Microsoft® Windows® Operating System
   FileDesc:   Windows NT BASE API Client DLL
   FileVer:    6.3.9600.17415
   ProdVer:    6.3.9600.17415

Module 60
C:\Windows\SYSTEM32\RPCRT4.dll
Image Base: 0x75950000  Image Size: 0x000ba000
File Size:  747520      File Time:  2016-03-31_044026
Version:
   Company:    Microsoft Corporation
   Product:    Microsoft® Windows® Operating System
   FileDesc:   Remote Procedure Call Runtime
   FileVer:    6.3.9600.18292
   ProdVer:    6.3.9600.18292

Module 61
C:\Windows\SYSTEM32\ole32.dll
Image Base: 0x75a10000  Image Size: 0x00129000
File Size:  1212248     File Time:  2016-10-08_023432
Version:
   Company:    Microsoft Corporation
   Product:    Microsoft® Windows® Operating System
   FileDesc:   Microsoft OLE for Windows
   FileVer:    6.3.9600.18508
   ProdVer:    6.3.9600.18508

Module 62
C:\Windows\SYSTEM32\msvcrt.dll
Image Base: 0x75b40000  Image Size: 0x000c3000
File Size:  800008      File Time:  2014-11-21_101858
Version:
   Company:    Microsoft Corporation
   Product:    Microsoft® Windows® Operating System
   FileDesc:   Windows NT CRT DLL
   FileVer:    7.0.9600.17415
   ProdVer:    6.1.8638.17415

Module 63
C:\Windows\SYSTEM32\SspiCli.dll
Image Base: 0x75c10000  Image Size: 0x0001e000
File Size:  104960      File Time:  2016-08-20_235520
Version:
   Company:    Microsoft Corporation
   Product:    Microsoft® Windows® Operating System
   FileDesc:   Security Support Provider Interface
   FileVer:    6.3.9600.18454
   ProdVer:    6.3.9600.18454

Module 64
C:\Windows\SYSTEM32\clbcatq.dll
Image Base: 0x75c30000  Image Size: 0x0008d000
File Size:  569128      File Time:  2014-11-21_101824
Version:
   Company:    Microsoft Corporation
   Product:    Microsoft® Windows® Operating System
   FileDesc:   COM+ Configuration Catalog
   FileVer:    2001.12.10530.17415
   ProdVer:    6.3.9600.17415

Module 65
C:\Windows\SYSTEM32\PSAPI.DLL
Image Base: 0x75cc0000  Image Size: 0x00006000
File Size:  16504       File Time:  2014-11-21_101822
Version:
   Company:    Microsoft Corporation
   Product:    Microsoft® Windows® Operating System
   FileDesc:   Process Status Helper
   FileVer:    6.3.9600.17415
   ProdVer:    6.3.9600.17415

Module 66
C:\Windows\SYSTEM32\ADVAPI32.dll
Image Base: 0x75cd0000  Image Size: 0x0007c000
File Size:  507176      File Time:  2015-12-08_200750
Version:
   Company:    Microsoft Corporation
   Product:    Microsoft® Windows® Operating System
   FileDesc:   Advanced Windows 32 Base API
   FileVer:    6.3.9600.18155
   ProdVer:    6.3.9600.18155

Module 67
C:\Windows\SYSTEM32\SHELL32.dll
Image Base: 0x75d50000  Image Size: 0x012bb000
File Size:  19789232    File Time:  2016-08-27_192608
Version:
   Company:    Microsoft Corporation
   Product:    Microsoft® Windows® Operating System
   FileDesc:   Windows Shell Common Dll
   FileVer:    6.3.9600.18460
   ProdVer:    6.3.9600.18460

Module 68
C:\Windows\SYSTEM32\sechost.dll
Image Base: 0x77010000  Image Size: 0x00041000
File Size:  257216      File Time:  2015-03-23_224506
Version:
   Company:    Microsoft Corporation
   Product:    Microsoft® Windows® Operating System
   FileDesc:   Host for SCM/SDDL/LSA Lookup APIs
   FileVer:    6.3.9600.17734
   ProdVer:    6.3.9600.17734

Module 69
C:\Windows\SYSTEM32\NSI.dll
Image Base: 0x770f0000  Image Size: 0x00007000
File Size:  20120       File Time:  2014-11-21_101652
Version:
   Company:    Microsoft Corporation
   Product:    Microsoft® Windows® Operating System
   FileDesc:   NSI User-mode interface DLL
   FileVer:    6.3.9600.17415
   ProdVer:    6.3.9600.17415

Module 70
C:\Windows\SYSTEM32\IMM32.dll
Image Base: 0x77110000  Image Size: 0x00027000
File Size:  141312      File Time:  2014-11-21_101710
Version:
   Company:    Microsoft Corporation
   Product:    Microsoft® Windows® Operating System
   FileDesc:   Multi-User Windows IMM32 API Client DLL
   FileVer:    6.3.9600.17415
   ProdVer:    6.3.9600.17415

Module 71
C:\Windows\SYSTEM32\GDI32.dll
Image Base: 0x771e0000  Image Size: 0x0010f000
File Size:  1097216     File Time:  2016-05-18_213600
Version:
   Company:    Microsoft Corporation
   Product:    Microsoft® Windows® Operating System
   FileDesc:   GDI Client DLL
   FileVer:    6.3.9600.18344
   ProdVer:    6.3.9600.18344

Module 72
C:\Windows\SYSTEM32\cfgmgr32.dll
Image Base: 0x772f0000  Image Size: 0x0003c000
File Size:  241168      File Time:  2014-11-21_101840
Version:
   Company:    Microsoft Corporation
   Product:    Microsoft® Windows® Operating System
   FileDesc:   Configuration Manager DLL
   FileVer:    6.3.9600.17415
   ProdVer:    6.3.9600.17415

Module 73
C:\Windows\SYSTEM32\MSCTF.dll
Image Base: 0x774a0000  Image Size: 0x00112000
File Size:  1124376     File Time:  2016-10-13_200636
Version:
   Company:    Microsoft Corporation
   Product:    Microsoft® Windows® Operating System
   FileDesc:   MSCTF Server DLL
   FileVer:    6.3.9600.18514
   ProdVer:    6.3.9600.18514

Module 74
C:\Windows\SYSTEM32\OLEAUT32.dll
Image Base: 0x775c0000  Image Size: 0x00097000
File Size:  611576      File Time:  2016-08-09_234718
Version:
   Company:    Microsoft Corporation
   Product:    
   FileDesc:   
   FileVer:    6.3.9600.18434
   ProdVer:    6.3.9600.18434

Module 75
C:\Windows\SYSTEM32\SHLWAPI.dll
Image Base: 0x77660000  Image Size: 0x00045000
File Size:  278352      File Time:  2014-11-21_101836
Version:
   Company:    Microsoft Corporation
   Product:    Microsoft® Windows® Operating System
   FileDesc:   Shell Light-weight Utility Library
   FileVer:    6.3.9600.17415
   ProdVer:    6.3.9600.17415

Module 76
C:\Windows\SYSTEM32\SETUPAPI.dll
Image Base: 0x776b0000  Image Size: 0x001b1000
File Size:  1782912     File Time:  2014-11-21_101820
Version:
   Company:    Microsoft Corporation
   Product:    Microsoft® Windows® Operating System
   FileDesc:   Windows Setup API
   FileVer:    6.3.9600.17415
   ProdVer:    6.3.9600.17415

Module 77
C:\Windows\SYSTEM32\ntdll.dll
Image Base: 0x77940000  Image Size: 0x0016f000
File Size:  1501488     File Time:  2016-02-11_211640
Version:
   Company:    Microsoft Corporation
   Product:    Microsoft® Windows® Operating System
   FileDesc:   NT Layer DLL
   FileVer:    6.3.9600.18233
   ProdVer:    6.3.9600.18233


== [end of error.log] ==
